ERROR - 2022-12-04 13:22:53 --> Unknown column 'screen' in 'where clause'
CRITICAL - 2022-12-04 13:22:53 --> Unknown column 'screen' in 'where clause'
#0 C:\xampp\htdocs\SR_Productions\CodeIgniter4\system\Database\MySQLi\Connection.php(292): mysqli->query('SELECT *\nFROM `...', 0)
#1 C:\xampp\htdocs\SR_Productions\CodeIgniter4\system\Database\BaseConnection.php(670): CodeIgniter\Database\MySQLi\Connection->execute('SELECT *\nFROM `...')
#2 C:\xampp\htdocs\SR_Productions\CodeIgniter4\system\Database\BaseConnection.php(598): CodeIgniter\Database\BaseConnection->simpleQuery('SELECT *\nFROM `...')
#3 C:\xampp\htdocs\SR_Productions\CodeIgniter4\system\Database\BaseBuilder.php(1455): CodeIgniter\Database\BaseConnection->query('SELECT *\nFROM `...', Array, false)
#4 C:\xampp\htdocs\SR_Productions\CodeIgniter4\app\Models\Hardcoded\storedText.php(16): CodeIgniter\Database\BaseBuilder->get()
#5 C:\xampp\htdocs\SR_Productions\CodeIgniter4\app\Controllers\BlueprintController.php(37): App\Models\Hardcoded\storedText->screenWiseDataList('login', 'en')
#6 C:\xampp\htdocs\SR_Productions\CodeIgniter4\app\Controllers\UserController.php(9): App\Controllers\BlueprintController->getDatafromHC('login', 'en')
#7 C:\xampp\htdocs\SR_Productions\CodeIgniter4\system\CodeIgniter.php(832): App\Controllers\UserController->loginScreen()
#8 C:\xampp\htdocs\SR_Productions\CodeIgniter4\system\CodeIgniter.php(419): CodeIgniter\CodeIgniter->runController(Object(App\Controllers\UserController))
#9 C:\xampp\htdocs\SR_Productions\CodeIgniter4\system\CodeIgniter.php(326): CodeIgniter\CodeIgniter->handleRequest(NULL, Object(Config\Cache), false)
#10 C:\xampp\htdocs\SR_Productions\CodeIgniter4\public\index.php(37): CodeIgniter\CodeIgniter->run()
#11 {main}
ERROR - 2022-12-04 13:23:29 --> Column 'screen_code' in where clause is ambiguous
CRITICAL - 2022-12-04 13:23:29 --> Column 'screen_code' in where clause is ambiguous
#0 C:\xampp\htdocs\SR_Productions\CodeIgniter4\system\Database\MySQLi\Connection.php(292): mysqli->query('SELECT *\nFROM `...', 0)
#1 C:\xampp\htdocs\SR_Productions\CodeIgniter4\system\Database\BaseConnection.php(670): CodeIgniter\Database\MySQLi\Connection->execute('SELECT *\nFROM `...')
#2 C:\xampp\htdocs\SR_Productions\CodeIgniter4\system\Database\BaseConnection.php(598): CodeIgniter\Database\BaseConnection->simpleQuery('SELECT *\nFROM `...')
#3 C:\xampp\htdocs\SR_Productions\CodeIgniter4\system\Database\BaseBuilder.php(1455): CodeIgniter\Database\BaseConnection->query('SELECT *\nFROM `...', Array, false)
#4 C:\xampp\htdocs\SR_Productions\CodeIgniter4\app\Models\Hardcoded\storedText.php(16): CodeIgniter\Database\BaseBuilder->get()
#5 C:\xampp\htdocs\SR_Productions\CodeIgniter4\app\Controllers\BlueprintController.php(37): App\Models\Hardcoded\storedText->screenWiseDataList('login', 'en')
#6 C:\xampp\htdocs\SR_Productions\CodeIgniter4\app\Controllers\UserController.php(9): App\Controllers\BlueprintController->getDatafromHC('login', 'en')
#7 C:\xampp\htdocs\SR_Productions\CodeIgniter4\system\CodeIgniter.php(832): App\Controllers\UserController->loginScreen()
#8 C:\xampp\htdocs\SR_Productions\CodeIgniter4\system\CodeIgniter.php(419): CodeIgniter\CodeIgniter->runController(Object(App\Controllers\UserController))
#9 C:\xampp\htdocs\SR_Productions\CodeIgniter4\system\CodeIgniter.php(326): CodeIgniter\CodeIgniter->handleRequest(NULL, Object(Config\Cache), false)
#10 C:\xampp\htdocs\SR_Productions\CodeIgniter4\public\index.php(37): CodeIgniter\CodeIgniter->run()
#11 {main}
ERROR - 2022-12-04 13:24:17 --> Not unique table/alias: 'screen'
CRITICAL - 2022-12-04 13:24:17 --> Not unique table/alias: 'screen'
#0 C:\xampp\htdocs\SR_Productions\CodeIgniter4\system\Database\MySQLi\Connection.php(292): mysqli->query('SELECT *\nFROM `...', 0)
#1 C:\xampp\htdocs\SR_Productions\CodeIgniter4\system\Database\BaseConnection.php(670): CodeIgniter\Database\MySQLi\Connection->execute('SELECT *\nFROM `...')
#2 C:\xampp\htdocs\SR_Productions\CodeIgniter4\system\Database\BaseConnection.php(598): CodeIgniter\Database\BaseConnection->simpleQuery('SELECT *\nFROM `...')
#3 C:\xampp\htdocs\SR_Productions\CodeIgniter4\system\Database\BaseBuilder.php(1455): CodeIgniter\Database\BaseConnection->query('SELECT *\nFROM `...', Array, false)
#4 C:\xampp\htdocs\SR_Productions\CodeIgniter4\app\Models\Hardcoded\storedText.php(17): CodeIgniter\Database\BaseBuilder->get()
#5 C:\xampp\htdocs\SR_Productions\CodeIgniter4\app\Controllers\BlueprintController.php(37): App\Models\Hardcoded\storedText->screenWiseDataList('login', 'en')
#6 C:\xampp\htdocs\SR_Productions\CodeIgniter4\app\Controllers\UserController.php(9): App\Controllers\BlueprintController->getDatafromHC('login', 'en')
#7 C:\xampp\htdocs\SR_Productions\CodeIgniter4\system\CodeIgniter.php(832): App\Controllers\UserController->loginScreen()
#8 C:\xampp\htdocs\SR_Productions\CodeIgniter4\system\CodeIgniter.php(419): CodeIgniter\CodeIgniter->runController(Object(App\Controllers\UserController))
#9 C:\xampp\htdocs\SR_Productions\CodeIgniter4\system\CodeIgniter.php(326): CodeIgniter\CodeIgniter->handleRequest(NULL, Object(Config\Cache), false)
#10 C:\xampp\htdocs\SR_Productions\CodeIgniter4\public\index.php(37): CodeIgniter\CodeIgniter->run()
#11 {main}
CRITICAL - 2022-12-04 14:09:45 --> Call to undefined method App\Controllers\UserController::screenStruture()
#0 C:\xampp\htdocs\SR_Productions\CodeIgniter4\app\Controllers\MainController.php(9): App\Controllers\BlueprintController->getDatafromDB('screen', Array, Array)
#1 C:\xampp\htdocs\SR_Productions\CodeIgniter4\app\Controllers\UserController.php(9): App\Controllers\MainController->storedText('login', 'en')
#2 C:\xampp\htdocs\SR_Productions\CodeIgniter4\system\CodeIgniter.php(832): App\Controllers\UserController->loginScreen()
#3 C:\xampp\htdocs\SR_Productions\CodeIgniter4\system\CodeIgniter.php(419): CodeIgniter\CodeIgniter->runController(Object(App\Controllers\UserController))
#4 C:\xampp\htdocs\SR_Productions\CodeIgniter4\system\CodeIgniter.php(326): CodeIgniter\CodeIgniter->handleRequest(NULL, Object(Config\Cache), false)
#5 C:\xampp\htdocs\SR_Productions\CodeIgniter4\public\index.php(37): CodeIgniter\CodeIgniter->run()
#6 {main}
CRITICAL - 2022-12-04 14:12:26 --> Undefined variable: feildList
#0 C:\xampp\htdocs\SR_Productions\CodeIgniter4\app\Controllers\BlueprintController.php(75): CodeIgniter\Debug\Exceptions->errorHandler(8, 'Undefined varia...', 'C:\\xampp\\htdocs...', 75, Array)
#1 C:\xampp\htdocs\SR_Productions\CodeIgniter4\app\Controllers\MainController.php(9): App\Controllers\BlueprintController->getDatafromDB('screen', Array, Array)
#2 C:\xampp\htdocs\SR_Productions\CodeIgniter4\app\Controllers\UserController.php(9): App\Controllers\MainController->storedText('login', 'en')
#3 C:\xampp\htdocs\SR_Productions\CodeIgniter4\system\CodeIgniter.php(832): App\Controllers\UserController->loginScreen()
#4 C:\xampp\htdocs\SR_Productions\CodeIgniter4\system\CodeIgniter.php(419): CodeIgniter\CodeIgniter->runController(Object(App\Controllers\UserController))
#5 C:\xampp\htdocs\SR_Productions\CodeIgniter4\system\CodeIgniter.php(326): CodeIgniter\CodeIgniter->handleRequest(NULL, Object(Config\Cache), false)
#6 C:\xampp\htdocs\SR_Productions\CodeIgniter4\public\index.php(37): CodeIgniter\CodeIgniter->run()
#7 {main}
CRITICAL - 2022-12-04 14:14:37 --> Undefined variable: dataReturn
#0 C:\xampp\htdocs\SR_Productions\CodeIgniter4\app\Controllers\BlueprintController.php(90): CodeIgniter\Debug\Exceptions->errorHandler(8, 'Undefined varia...', 'C:\\xampp\\htdocs...', 90, Array)
#1 C:\xampp\htdocs\SR_Productions\CodeIgniter4\app\Controllers\BlueprintController.php(76): App\Controllers\BlueprintController->dbDataBreakdownAndFormatted(Array, Array)
#2 C:\xampp\htdocs\SR_Productions\CodeIgniter4\app\Controllers\MainController.php(9): App\Controllers\BlueprintController->getDatafromDB('screen', Array, Array)
#3 C:\xampp\htdocs\SR_Productions\CodeIgniter4\app\Controllers\UserController.php(9): App\Controllers\MainController->storedText('login', 'en')
#4 C:\xampp\htdocs\SR_Productions\CodeIgniter4\system\CodeIgniter.php(832): App\Controllers\UserController->loginScreen()
#5 C:\xampp\htdocs\SR_Productions\CodeIgniter4\system\CodeIgniter.php(419): CodeIgniter\CodeIgniter->runController(Object(App\Controllers\UserController))
#6 C:\xampp\htdocs\SR_Productions\CodeIgniter4\system\CodeIgniter.php(326): CodeIgniter\CodeIgniter->handleRequest(NULL, Object(Config\Cache), false)
#7 C:\xampp\htdocs\SR_Productions\CodeIgniter4\public\index.php(37): CodeIgniter\CodeIgniter->run()
#8 {main}
CRITICAL - 2022-12-04 14:15:19 --> Undefined variable: dataReturn
#0 C:\xampp\htdocs\SR_Productions\CodeIgniter4\app\Controllers\BlueprintController.php(91): CodeIgniter\Debug\Exceptions->errorHandler(8, 'Undefined varia...', 'C:\\xampp\\htdocs...', 91, Array)
#1 C:\xampp\htdocs\SR_Productions\CodeIgniter4\app\Controllers\BlueprintController.php(77): App\Controllers\BlueprintController->dbDataBreakdownAndFormatted(Array, Array)
#2 C:\xampp\htdocs\SR_Productions\CodeIgniter4\app\Controllers\MainController.php(9): App\Controllers\BlueprintController->getDatafromDB('screen', Array, Array)
#3 C:\xampp\htdocs\SR_Productions\CodeIgniter4\app\Controllers\UserController.php(9): App\Controllers\MainController->storedText('login', 'en')
#4 C:\xampp\htdocs\SR_Productions\CodeIgniter4\system\CodeIgniter.php(832): App\Controllers\UserController->loginScreen()
#5 C:\xampp\htdocs\SR_Productions\CodeIgniter4\system\CodeIgniter.php(419): CodeIgniter\CodeIgniter->runController(Object(App\Controllers\UserController))
#6 C:\xampp\htdocs\SR_Productions\CodeIgniter4\system\CodeIgniter.php(326): CodeIgniter\CodeIgniter->handleRequest(NULL, Object(Config\Cache), false)
#7 C:\xampp\htdocs\SR_Productions\CodeIgniter4\public\index.php(37): CodeIgniter\CodeIgniter->run()
#8 {main}
CRITICAL - 2022-12-04 14:15:27 --> Undefined variable: dataReturn
#0 C:\xampp\htdocs\SR_Productions\CodeIgniter4\app\Controllers\BlueprintController.php(91): CodeIgniter\Debug\Exceptions->errorHandler(8, 'Undefined varia...', 'C:\\xampp\\htdocs...', 91, Array)
#1 C:\xampp\htdocs\SR_Productions\CodeIgniter4\app\Controllers\BlueprintController.php(77): App\Controllers\BlueprintController->dbDataBreakdownAndFormatted(Array, Array)
#2 C:\xampp\htdocs\SR_Productions\CodeIgniter4\app\Controllers\MainController.php(9): App\Controllers\BlueprintController->getDatafromDB('screen', Array, Array)
#3 C:\xampp\htdocs\SR_Productions\CodeIgniter4\app\Controllers\UserController.php(9): App\Controllers\MainController->storedText('login', 'en')
#4 C:\xampp\htdocs\SR_Productions\CodeIgniter4\system\CodeIgniter.php(832): App\Controllers\UserController->loginScreen()
#5 C:\xampp\htdocs\SR_Productions\CodeIgniter4\system\CodeIgniter.php(419): CodeIgniter\CodeIgniter->runController(Object(App\Controllers\UserController))
#6 C:\xampp\htdocs\SR_Productions\CodeIgniter4\system\CodeIgniter.php(326): CodeIgniter\CodeIgniter->handleRequest(NULL, Object(Config\Cache), false)
#7 C:\xampp\htdocs\SR_Productions\CodeIgniter4\public\index.php(37): CodeIgniter\CodeIgniter->run()
#8 {main}
CRITICAL - 2022-12-04 14:18:19 --> Undefined variable: dataReturn
#0 C:\xampp\htdocs\SR_Productions\CodeIgniter4\app\Controllers\BlueprintController.php(92): CodeIgniter\Debug\Exceptions->errorHandler(8, 'Undefined varia...', 'C:\\xampp\\htdocs...', 92, Array)
#1 C:\xampp\htdocs\SR_Productions\CodeIgniter4\app\Controllers\BlueprintController.php(78): App\Controllers\BlueprintController->dbDataBreakdownAndFormatted(Array, Array)
#2 C:\xampp\htdocs\SR_Productions\CodeIgniter4\app\Controllers\MainController.php(9): App\Controllers\BlueprintController->getDatafromDB('screen', Array, Array)
#3 C:\xampp\htdocs\SR_Productions\CodeIgniter4\app\Controllers\UserController.php(9): App\Controllers\MainController->storedText('login', 'en')
#4 C:\xampp\htdocs\SR_Productions\CodeIgniter4\system\CodeIgniter.php(832): App\Controllers\UserController->loginScreen()
#5 C:\xampp\htdocs\SR_Productions\CodeIgniter4\system\CodeIgniter.php(419): CodeIgniter\CodeIgniter->runController(Object(App\Controllers\UserController))
#6 C:\xampp\htdocs\SR_Productions\CodeIgniter4\system\CodeIgniter.php(326): CodeIgniter\CodeIgniter->handleRequest(NULL, Object(Config\Cache), false)
#7 C:\xampp\htdocs\SR_Productions\CodeIgniter4\public\index.php(37): CodeIgniter\CodeIgniter->run()
#8 {main}
CRITICAL - 2022-12-04 14:18:23 --> Undefined variable: dataReturn
#0 C:\xampp\htdocs\SR_Productions\CodeIgniter4\app\Controllers\BlueprintController.php(92): CodeIgniter\Debug\Exceptions->errorHandler(8, 'Undefined varia...', 'C:\\xampp\\htdocs...', 92, Array)
#1 C:\xampp\htdocs\SR_Productions\CodeIgniter4\app\Controllers\BlueprintController.php(78): App\Controllers\BlueprintController->dbDataBreakdownAndFormatted(Array, Array)
#2 C:\xampp\htdocs\SR_Productions\CodeIgniter4\app\Controllers\MainController.php(9): App\Controllers\BlueprintController->getDatafromDB('screen', Array, Array)
#3 C:\xampp\htdocs\SR_Productions\CodeIgniter4\app\Controllers\UserController.php(9): App\Controllers\MainController->storedText('login', 'en')
#4 C:\xampp\htdocs\SR_Productions\CodeIgniter4\system\CodeIgniter.php(832): App\Controllers\UserController->loginScreen()
#5 C:\xampp\htdocs\SR_Productions\CodeIgniter4\system\CodeIgniter.php(419): CodeIgniter\CodeIgniter->runController(Object(App\Controllers\UserController))
#6 C:\xampp\htdocs\SR_Productions\CodeIgniter4\system\CodeIgniter.php(326): CodeIgniter\CodeIgniter->handleRequest(NULL, Object(Config\Cache), false)
#7 C:\xampp\htdocs\SR_Productions\CodeIgniter4\public\index.php(37): CodeIgniter\CodeIgniter->run()
#8 {main}
CRITICAL - 2022-12-04 14:21:05 --> Undefined variable: dataReturn
#0 C:\xampp\htdocs\SR_Productions\CodeIgniter4\app\Controllers\BlueprintController.php(93): CodeIgniter\Debug\Exceptions->errorHandler(8, 'Undefined varia...', 'C:\\xampp\\htdocs...', 93, Array)
#1 C:\xampp\htdocs\SR_Productions\CodeIgniter4\app\Controllers\BlueprintController.php(79): App\Controllers\BlueprintController->dbDataBreakdownAndFormatted(Array, Array)
#2 C:\xampp\htdocs\SR_Productions\CodeIgniter4\app\Controllers\MainController.php(9): App\Controllers\BlueprintController->getDatafromDB('screen', Array, Array)
#3 C:\xampp\htdocs\SR_Productions\CodeIgniter4\app\Controllers\UserController.php(9): App\Controllers\MainController->storedText('login', 'en')
#4 C:\xampp\htdocs\SR_Productions\CodeIgniter4\system\CodeIgniter.php(832): App\Controllers\UserController->loginScreen()
#5 C:\xampp\htdocs\SR_Productions\CodeIgniter4\system\CodeIgniter.php(419): CodeIgniter\CodeIgniter->runController(Object(App\Controllers\UserController))
#6 C:\xampp\htdocs\SR_Productions\CodeIgniter4\system\CodeIgniter.php(326): CodeIgniter\CodeIgniter->handleRequest(NULL, Object(Config\Cache), false)
#7 C:\xampp\htdocs\SR_Productions\CodeIgniter4\public\index.php(37): CodeIgniter\CodeIgniter->run()
#8 {main}
CRITICAL - 2022-12-04 14:30:40 --> Undefined variable: dataReturn
#0 C:\xampp\htdocs\SR_Productions\CodeIgniter4\app\Controllers\BlueprintController.php(91): CodeIgniter\Debug\Exceptions->errorHandler(8, 'Undefined varia...', 'C:\\xampp\\htdocs...', 91, Array)
#1 C:\xampp\htdocs\SR_Productions\CodeIgniter4\app\Controllers\BlueprintController.php(77): App\Controllers\BlueprintController->dbDataBreakdownAndFormatted(Array, Array)
#2 C:\xampp\htdocs\SR_Productions\CodeIgniter4\app\Controllers\MainController.php(10): App\Controllers\BlueprintController->getDatafromDB('stored_text', Array, Array)
#3 C:\xampp\htdocs\SR_Productions\CodeIgniter4\app\Controllers\UserController.php(9): App\Controllers\MainController->storedText(Array, 'en')
#4 C:\xampp\htdocs\SR_Productions\CodeIgniter4\system\CodeIgniter.php(832): App\Controllers\UserController->loginScreen()
#5 C:\xampp\htdocs\SR_Productions\CodeIgniter4\system\CodeIgniter.php(419): CodeIgniter\CodeIgniter->runController(Object(App\Controllers\UserController))
#6 C:\xampp\htdocs\SR_Productions\CodeIgniter4\system\CodeIgniter.php(326): CodeIgniter\CodeIgniter->handleRequest(NULL, Object(Config\Cache), false)
#7 C:\xampp\htdocs\SR_Productions\CodeIgniter4\public\index.php(37): CodeIgniter\CodeIgniter->run()
#8 {main}
CRITICAL - 2022-12-04 14:31:41 --> Undefined variable: dataReturn
#0 C:\xampp\htdocs\SR_Productions\CodeIgniter4\app\Controllers\BlueprintController.php(93): CodeIgniter\Debug\Exceptions->errorHandler(8, 'Undefined varia...', 'C:\\xampp\\htdocs...', 93, Array)
#1 C:\xampp\htdocs\SR_Productions\CodeIgniter4\app\Controllers\BlueprintController.php(79): App\Controllers\BlueprintController->dbDataBreakdownAndFormatted(Array, Array)
#2 C:\xampp\htdocs\SR_Productions\CodeIgniter4\app\Controllers\MainController.php(10): App\Controllers\BlueprintController->getDatafromDB('stored_text', Array, Array)
#3 C:\xampp\htdocs\SR_Productions\CodeIgniter4\app\Controllers\UserController.php(9): App\Controllers\MainController->storedText(Array, 'en')
#4 C:\xampp\htdocs\SR_Productions\CodeIgniter4\system\CodeIgniter.php(832): App\Controllers\UserController->loginScreen()
#5 C:\xampp\htdocs\SR_Productions\CodeIgniter4\system\CodeIgniter.php(419): CodeIgniter\CodeIgniter->runController(Object(App\Controllers\UserController))
#6 C:\xampp\htdocs\SR_Productions\CodeIgniter4\system\CodeIgniter.php(326): CodeIgniter\CodeIgniter->handleRequest(NULL, Object(Config\Cache), false)
#7 C:\xampp\htdocs\SR_Productions\CodeIgniter4\public\index.php(37): CodeIgniter\CodeIgniter->run()
#8 {main}
CRITICAL - 2022-12-04 14:31:56 --> Undefined variable: dataReturn
#0 C:\xampp\htdocs\SR_Productions\CodeIgniter4\app\Controllers\BlueprintController.php(93): CodeIgniter\Debug\Exceptions->errorHandler(8, 'Undefined varia...', 'C:\\xampp\\htdocs...', 93, Array)
#1 C:\xampp\htdocs\SR_Productions\CodeIgniter4\app\Controllers\BlueprintController.php(79): App\Controllers\BlueprintController->dbDataBreakdownAndFormatted(Array, Array)
#2 C:\xampp\htdocs\SR_Productions\CodeIgniter4\app\Controllers\MainController.php(10): App\Controllers\BlueprintController->getDatafromDB('stored_text', Array, Array)
#3 C:\xampp\htdocs\SR_Productions\CodeIgniter4\app\Controllers\UserController.php(9): App\Controllers\MainController->storedText(Array, 'en')
#4 C:\xampp\htdocs\SR_Productions\CodeIgniter4\system\CodeIgniter.php(832): App\Controllers\UserController->loginScreen()
#5 C:\xampp\htdocs\SR_Productions\CodeIgniter4\system\CodeIgniter.php(419): CodeIgniter\CodeIgniter->runController(Object(App\Controllers\UserController))
#6 C:\xampp\htdocs\SR_Productions\CodeIgniter4\system\CodeIgniter.php(326): CodeIgniter\CodeIgniter->handleRequest(NULL, Object(Config\Cache), false)
#7 C:\xampp\htdocs\SR_Productions\CodeIgniter4\public\index.php(37): CodeIgniter\CodeIgniter->run()
#8 {main}
CRITICAL - 2022-12-04 14:32:55 --> Undefined variable: dataReturn
#0 C:\xampp\htdocs\SR_Productions\CodeIgniter4\app\Controllers\BlueprintController.php(93): CodeIgniter\Debug\Exceptions->errorHandler(8, 'Undefined varia...', 'C:\\xampp\\htdocs...', 93, Array)
#1 C:\xampp\htdocs\SR_Productions\CodeIgniter4\app\Controllers\BlueprintController.php(79): App\Controllers\BlueprintController->dbDataBreakdownAndFormatted(Array, Array)
#2 C:\xampp\htdocs\SR_Productions\CodeIgniter4\app\Controllers\MainController.php(10): App\Controllers\BlueprintController->getDatafromDB('stored_text', Array, Array)
#3 C:\xampp\htdocs\SR_Productions\CodeIgniter4\app\Controllers\UserController.php(9): App\Controllers\MainController->storedText(Array, 'en')
#4 C:\xampp\htdocs\SR_Productions\CodeIgniter4\system\CodeIgniter.php(832): App\Controllers\UserController->loginScreen()
#5 C:\xampp\htdocs\SR_Productions\CodeIgniter4\system\CodeIgniter.php(419): CodeIgniter\CodeIgniter->runController(Object(App\Controllers\UserController))
#6 C:\xampp\htdocs\SR_Productions\CodeIgniter4\system\CodeIgniter.php(326): CodeIgniter\CodeIgniter->handleRequest(NULL, Object(Config\Cache), false)
#7 C:\xampp\htdocs\SR_Productions\CodeIgniter4\public\index.php(37): CodeIgniter\CodeIgniter->run()
#8 {main}
CRITICAL - 2022-12-04 14:32:56 --> Undefined variable: dataReturn
#0 C:\xampp\htdocs\SR_Productions\CodeIgniter4\app\Controllers\BlueprintController.php(93): CodeIgniter\Debug\Exceptions->errorHandler(8, 'Undefined varia...', 'C:\\xampp\\htdocs...', 93, Array)
#1 C:\xampp\htdocs\SR_Productions\CodeIgniter4\app\Controllers\BlueprintController.php(79): App\Controllers\BlueprintController->dbDataBreakdownAndFormatted(Array, Array)
#2 C:\xampp\htdocs\SR_Productions\CodeIgniter4\app\Controllers\MainController.php(10): App\Controllers\BlueprintController->getDatafromDB('stored_text', Array, Array)
#3 C:\xampp\htdocs\SR_Productions\CodeIgniter4\app\Controllers\UserController.php(9): App\Controllers\MainController->storedText(Array, 'en')
#4 C:\xampp\htdocs\SR_Productions\CodeIgniter4\system\CodeIgniter.php(832): App\Controllers\UserController->loginScreen()
#5 C:\xampp\htdocs\SR_Productions\CodeIgniter4\system\CodeIgniter.php(419): CodeIgniter\CodeIgniter->runController(Object(App\Controllers\UserController))
#6 C:\xampp\htdocs\SR_Productions\CodeIgniter4\system\CodeIgniter.php(326): CodeIgniter\CodeIgniter->handleRequest(NULL, Object(Config\Cache), false)
#7 C:\xampp\htdocs\SR_Productions\CodeIgniter4\public\index.php(37): CodeIgniter\CodeIgniter->run()
#8 {main}
CRITICAL - 2022-12-04 14:33:07 --> Undefined variable: dataReturn
#0 C:\xampp\htdocs\SR_Productions\CodeIgniter4\app\Controllers\BlueprintController.php(94): CodeIgniter\Debug\Exceptions->errorHandler(8, 'Undefined varia...', 'C:\\xampp\\htdocs...', 94, Array)
#1 C:\xampp\htdocs\SR_Productions\CodeIgniter4\app\Controllers\BlueprintController.php(80): App\Controllers\BlueprintController->dbDataBreakdownAndFormatted(Array, Array)
#2 C:\xampp\htdocs\SR_Productions\CodeIgniter4\app\Controllers\MainController.php(10): App\Controllers\BlueprintController->getDatafromDB('stored_text', Array, Array)
#3 C:\xampp\htdocs\SR_Productions\CodeIgniter4\app\Controllers\UserController.php(9): App\Controllers\MainController->storedText(Array, 'en')
#4 C:\xampp\htdocs\SR_Productions\CodeIgniter4\system\CodeIgniter.php(832): App\Controllers\UserController->loginScreen()
#5 C:\xampp\htdocs\SR_Productions\CodeIgniter4\system\CodeIgniter.php(419): CodeIgniter\CodeIgniter->runController(Object(App\Controllers\UserController))
#6 C:\xampp\htdocs\SR_Productions\CodeIgniter4\system\CodeIgniter.php(326): CodeIgniter\CodeIgniter->handleRequest(NULL, Object(Config\Cache), false)
#7 C:\xampp\htdocs\SR_Productions\CodeIgniter4\public\index.php(37): CodeIgniter\CodeIgniter->run()
#8 {main}
CRITICAL - 2022-12-04 14:40:14 --> Undefined variable: data
#0 C:\xampp\htdocs\SR_Productions\CodeIgniter4\app\Controllers\BlueprintController.php(82): CodeIgniter\Debug\Exceptions->errorHandler(8, 'Undefined varia...', 'C:\\xampp\\htdocs...', 82, Array)
#1 C:\xampp\htdocs\SR_Productions\CodeIgniter4\app\Controllers\MainController.php(9): App\Controllers\BlueprintController->getDatafromDB('screen', Array, Array)
#2 C:\xampp\htdocs\SR_Productions\CodeIgniter4\app\Controllers\UserController.php(9): App\Controllers\MainController->storedText('login', 'en')
#3 C:\xampp\htdocs\SR_Productions\CodeIgniter4\system\CodeIgniter.php(832): App\Controllers\UserController->loginScreen()
#4 C:\xampp\htdocs\SR_Productions\CodeIgniter4\system\CodeIgniter.php(419): CodeIgniter\CodeIgniter->runController(Object(App\Controllers\UserController))
#5 C:\xampp\htdocs\SR_Productions\CodeIgniter4\system\CodeIgniter.php(326): CodeIgniter\CodeIgniter->handleRequest(NULL, Object(Config\Cache), false)
#6 C:\xampp\htdocs\SR_Productions\CodeIgniter4\public\index.php(37): CodeIgniter\CodeIgniter->run()
#7 {main}
ERROR - 2022-12-04 14:40:48 --> You have an error in your SQL syntax; check the manual that corresponds to your MariaDB server version for the right syntax to use near ')' at line 3
CRITICAL - 2022-12-04 14:40:48 --> You have an error in your SQL syntax; check the manual that corresponds to your MariaDB server version for the right syntax to use near ')' at line 3
#0 C:\xampp\htdocs\SR_Productions\CodeIgniter4\system\Database\MySQLi\Connection.php(292): mysqli->query('SELECT *\nFROM `...', 0)
#1 C:\xampp\htdocs\SR_Productions\CodeIgniter4\system\Database\BaseConnection.php(670): CodeIgniter\Database\MySQLi\Connection->execute('SELECT *\nFROM `...')
#2 C:\xampp\htdocs\SR_Productions\CodeIgniter4\system\Database\BaseConnection.php(598): CodeIgniter\Database\BaseConnection->simpleQuery('SELECT *\nFROM `...')
#3 C:\xampp\htdocs\SR_Productions\CodeIgniter4\system\Database\BaseBuilder.php(1455): CodeIgniter\Database\BaseConnection->query('SELECT *\nFROM `...', Array, false)
#4 C:\xampp\htdocs\SR_Productions\CodeIgniter4\app\Models\Database\DBAccess.php(39): CodeIgniter\Database\BaseBuilder->get()
#5 C:\xampp\htdocs\SR_Productions\CodeIgniter4\app\Controllers\BlueprintController.php(69): App\Models\Database\DBAccess->selectCommonCondition('stored_text', Array)
#6 C:\xampp\htdocs\SR_Productions\CodeIgniter4\app\Controllers\MainController.php(10): App\Controllers\BlueprintController->getDatafromDB('stored_text', Array, Array)
#7 C:\xampp\htdocs\SR_Productions\CodeIgniter4\app\Controllers\UserController.php(9): App\Controllers\MainController->storedText(Array, 'en')
#8 C:\xampp\htdocs\SR_Productions\CodeIgniter4\system\CodeIgniter.php(832): App\Controllers\UserController->loginScreen()
#9 C:\xampp\htdocs\SR_Productions\CodeIgniter4\system\CodeIgniter.php(419): CodeIgniter\CodeIgniter->runController(Object(App\Controllers\UserController))
#10 C:\xampp\htdocs\SR_Productions\CodeIgniter4\system\CodeIgniter.php(326): CodeIgniter\CodeIgniter->handleRequest(NULL, Object(Config\Cache), false)
#11 C:\xampp\htdocs\SR_Productions\CodeIgniter4\public\index.php(37): CodeIgniter\CodeIgniter->run()
#12 {main}
CRITICAL - 2022-12-04 15:02:40 --> Undefined variable: dataReturn
#0 C:\xampp\htdocs\SR_Productions\CodeIgniter4\app\Controllers\BlueprintController.php(95): CodeIgniter\Debug\Exceptions->errorHandler(8, 'Undefined varia...', 'C:\\xampp\\htdocs...', 95, Array)
#1 C:\xampp\htdocs\SR_Productions\CodeIgniter4\app\Controllers\BlueprintController.php(80): App\Controllers\BlueprintController->dbDataBreakdownAndFormatted(Array, Array)
#2 C:\xampp\htdocs\SR_Productions\CodeIgniter4\app\Controllers\MainController.php(20): App\Controllers\BlueprintController->getDatafromDB('stored_text_lan...', Array, Array)
#3 C:\xampp\htdocs\SR_Productions\CodeIgniter4\app\Controllers\UserController.php(9): App\Controllers\MainController->storedText(Array, 'en')
#4 C:\xampp\htdocs\SR_Productions\CodeIgniter4\system\CodeIgniter.php(832): App\Controllers\UserController->loginScreen()
#5 C:\xampp\htdocs\SR_Productions\CodeIgniter4\system\CodeIgniter.php(419): CodeIgniter\CodeIgniter->runController(Object(App\Controllers\UserController))
#6 C:\xampp\htdocs\SR_Productions\CodeIgniter4\system\CodeIgniter.php(326): CodeIgniter\CodeIgniter->handleRequest(NULL, Object(Config\Cache), false)
#7 C:\xampp\htdocs\SR_Productions\CodeIgniter4\public\index.php(37): CodeIgniter\CodeIgniter->run()
#8 {main}
CRITICAL - 2022-12-04 15:04:32 --> Undefined variable: dataReturn
#0 C:\xampp\htdocs\SR_Productions\CodeIgniter4\app\Controllers\BlueprintController.php(94): CodeIgniter\Debug\Exceptions->errorHandler(8, 'Undefined varia...', 'C:\\xampp\\htdocs...', 94, Array)
#1 C:\xampp\htdocs\SR_Productions\CodeIgniter4\app\Controllers\BlueprintController.php(80): App\Controllers\BlueprintController->dbDataBreakdownAndFormatted(Array, Array)
#2 C:\xampp\htdocs\SR_Productions\CodeIgniter4\app\Controllers\MainController.php(20): App\Controllers\BlueprintController->getDatafromDB('stored_text_lan...', Array, Array)
#3 C:\xampp\htdocs\SR_Productions\CodeIgniter4\app\Controllers\UserController.php(9): App\Controllers\MainController->storedText(Array, 'en')
#4 C:\xampp\htdocs\SR_Productions\CodeIgniter4\system\CodeIgniter.php(832): App\Controllers\UserController->loginScreen()
#5 C:\xampp\htdocs\SR_Productions\CodeIgniter4\system\CodeIgniter.php(419): CodeIgniter\CodeIgniter->runController(Object(App\Controllers\UserController))
#6 C:\xampp\htdocs\SR_Productions\CodeIgniter4\system\CodeIgniter.php(326): CodeIgniter\CodeIgniter->handleRequest(NULL, Object(Config\Cache), false)
#7 C:\xampp\htdocs\SR_Productions\CodeIgniter4\public\index.php(37): CodeIgniter\CodeIgniter->run()
#8 {main}
CRITICAL - 2022-12-04 15:04:45 --> Undefined variable: dataReturn
#0 C:\xampp\htdocs\SR_Productions\CodeIgniter4\app\Controllers\BlueprintController.php(94): CodeIgniter\Debug\Exceptions->errorHandler(8, 'Undefined varia...', 'C:\\xampp\\htdocs...', 94, Array)
#1 C:\xampp\htdocs\SR_Productions\CodeIgniter4\app\Controllers\BlueprintController.php(80): App\Controllers\BlueprintController->dbDataBreakdownAndFormatted(Array, Array)
#2 C:\xampp\htdocs\SR_Productions\CodeIgniter4\app\Controllers\MainController.php(20): App\Controllers\BlueprintController->getDatafromDB('stored_text_lan...', Array, Array)
#3 C:\xampp\htdocs\SR_Productions\CodeIgniter4\app\Controllers\UserController.php(9): App\Controllers\MainController->storedText(Array, 'en')
#4 C:\xampp\htdocs\SR_Productions\CodeIgniter4\system\CodeIgniter.php(832): App\Controllers\UserController->loginScreen()
#5 C:\xampp\htdocs\SR_Productions\CodeIgniter4\system\CodeIgniter.php(419): CodeIgniter\CodeIgniter->runController(Object(App\Controllers\UserController))
#6 C:\xampp\htdocs\SR_Productions\CodeIgniter4\system\CodeIgniter.php(326): CodeIgniter\CodeIgniter->handleRequest(NULL, Object(Config\Cache), false)
#7 C:\xampp\htdocs\SR_Productions\CodeIgniter4\public\index.php(37): CodeIgniter\CodeIgniter->run()
#8 {main}
CRITICAL - 2022-12-04 15:04:47 --> Undefined variable: dataReturn
#0 C:\xampp\htdocs\SR_Productions\CodeIgniter4\app\Controllers\BlueprintController.php(94): CodeIgniter\Debug\Exceptions->errorHandler(8, 'Undefined varia...', 'C:\\xampp\\htdocs...', 94, Array)
#1 C:\xampp\htdocs\SR_Productions\CodeIgniter4\app\Controllers\BlueprintController.php(80): App\Controllers\BlueprintController->dbDataBreakdownAndFormatted(Array, Array)
#2 C:\xampp\htdocs\SR_Productions\CodeIgniter4\app\Controllers\MainController.php(20): App\Controllers\BlueprintController->getDatafromDB('stored_text_lan...', Array, Array)
#3 C:\xampp\htdocs\SR_Productions\CodeIgniter4\app\Controllers\UserController.php(9): App\Controllers\MainController->storedText(Array, 'en')
#4 C:\xampp\htdocs\SR_Productions\CodeIgniter4\system\CodeIgniter.php(832): App\Controllers\UserController->loginScreen()
#5 C:\xampp\htdocs\SR_Productions\CodeIgniter4\system\CodeIgniter.php(419): CodeIgniter\CodeIgniter->runController(Object(App\Controllers\UserController))
#6 C:\xampp\htdocs\SR_Productions\CodeIgniter4\system\CodeIgniter.php(326): CodeIgniter\CodeIgniter->handleRequest(NULL, Object(Config\Cache), false)
#7 C:\xampp\htdocs\SR_Productions\CodeIgniter4\public\index.php(37): CodeIgniter\CodeIgniter->run()
#8 {main}
CRITICAL - 2022-12-04 15:05:11 --> Undefined variable: dataReturn
#0 C:\xampp\htdocs\SR_Productions\CodeIgniter4\app\Controllers\BlueprintController.php(94): CodeIgniter\Debug\Exceptions->errorHandler(8, 'Undefined varia...', 'C:\\xampp\\htdocs...', 94, Array)
#1 C:\xampp\htdocs\SR_Productions\CodeIgniter4\app\Controllers\BlueprintController.php(80): App\Controllers\BlueprintController->dbDataBreakdownAndFormatted(Array, Array)
#2 C:\xampp\htdocs\SR_Productions\CodeIgniter4\app\Controllers\MainController.php(20): App\Controllers\BlueprintController->getDatafromDB('stored_text_lan...', Array, Array)
#3 C:\xampp\htdocs\SR_Productions\CodeIgniter4\app\Controllers\UserController.php(9): App\Controllers\MainController->storedText(Array, 'en')
#4 C:\xampp\htdocs\SR_Productions\CodeIgniter4\system\CodeIgniter.php(832): App\Controllers\UserController->loginScreen()
#5 C:\xampp\htdocs\SR_Productions\CodeIgniter4\system\CodeIgniter.php(419): CodeIgniter\CodeIgniter->runController(Object(App\Controllers\UserController))
#6 C:\xampp\htdocs\SR_Productions\CodeIgniter4\system\CodeIgniter.php(326): CodeIgniter\CodeIgniter->handleRequest(NULL, Object(Config\Cache), false)
#7 C:\xampp\htdocs\SR_Productions\CodeIgniter4\public\index.php(37): CodeIgniter\CodeIgniter->run()
#8 {main}
CRITICAL - 2022-12-04 15:05:25 --> Undefined variable: dataReturn
#0 C:\xampp\htdocs\SR_Productions\CodeIgniter4\app\Controllers\BlueprintController.php(95): CodeIgniter\Debug\Exceptions->errorHandler(8, 'Undefined varia...', 'C:\\xampp\\htdocs...', 95, Array)
#1 C:\xampp\htdocs\SR_Productions\CodeIgniter4\app\Controllers\BlueprintController.php(81): App\Controllers\BlueprintController->dbDataBreakdownAndFormatted(Array, Array)
#2 C:\xampp\htdocs\SR_Productions\CodeIgniter4\app\Controllers\MainController.php(20): App\Controllers\BlueprintController->getDatafromDB('stored_text_lan...', Array, Array)
#3 C:\xampp\htdocs\SR_Productions\CodeIgniter4\app\Controllers\UserController.php(9): App\Controllers\MainController->storedText(Array, 'en')
#4 C:\xampp\htdocs\SR_Productions\CodeIgniter4\system\CodeIgniter.php(832): App\Controllers\UserController->loginScreen()
#5 C:\xampp\htdocs\SR_Productions\CodeIgniter4\system\CodeIgniter.php(419): CodeIgniter\CodeIgniter->runController(Object(App\Controllers\UserController))
#6 C:\xampp\htdocs\SR_Productions\CodeIgniter4\system\CodeIgniter.php(326): CodeIgniter\CodeIgniter->handleRequest(NULL, Object(Config\Cache), false)
#7 C:\xampp\htdocs\SR_Productions\CodeIgniter4\public\index.php(37): CodeIgniter\CodeIgniter->run()
#8 {main}
CRITICAL - 2022-12-04 15:12:41 --> Array to string conversion
#0 C:\xampp\htdocs\SR_Productions\CodeIgniter4\app\Views\User\login.php(19): CodeIgniter\Debug\Exceptions->errorHandler(8, 'Array to string...', 'C:\\xampp\\htdocs...', 19, Array)
#1 C:\xampp\htdocs\SR_Productions\CodeIgniter4\system\View\View.php(210): include('C:\\xampp\\htdocs...')
#2 C:\xampp\htdocs\SR_Productions\CodeIgniter4\system\View\View.php(213): CodeIgniter\View\View->CodeIgniter\View\{closure}()
#3 C:\xampp\htdocs\SR_Productions\CodeIgniter4\system\Common.php(1089): CodeIgniter\View\View->render('User/login', Array, true)
#4 C:\xampp\htdocs\SR_Productions\CodeIgniter4\app\Controllers\UserController.php(11): view('User/login', Array)
#5 C:\xampp\htdocs\SR_Productions\CodeIgniter4\system\CodeIgniter.php(832): App\Controllers\UserController->loginScreen()
#6 C:\xampp\htdocs\SR_Productions\CodeIgniter4\system\CodeIgniter.php(419): CodeIgniter\CodeIgniter->runController(Object(App\Controllers\UserController))
#7 C:\xampp\htdocs\SR_Productions\CodeIgniter4\system\CodeIgniter.php(326): CodeIgniter\CodeIgniter->handleRequest(NULL, Object(Config\Cache), false)
#8 C:\xampp\htdocs\SR_Productions\CodeIgniter4\public\index.php(37): CodeIgniter\CodeIgniter->run()
#9 {main}
CRITICAL - 2022-12-04 22:40:39 --> Undefined variable: storedList
#0 C:\xampp\htdocs\SR_Productions\CodeIgniter4\app\Controllers\MainController.php(27): CodeIgniter\Debug\Exceptions->errorHandler(8, 'Undefined varia...', 'C:\\xampp\\htdocs...', 27, Array)
#1 C:\xampp\htdocs\SR_Productions\CodeIgniter4\app\Controllers\UserController.php(9): App\Controllers\MainController->storedText('login', 'en')
#2 C:\xampp\htdocs\SR_Productions\CodeIgniter4\system\CodeIgniter.php(832): App\Controllers\UserController->loginScreen()
#3 C:\xampp\htdocs\SR_Productions\CodeIgniter4\system\CodeIgniter.php(419): CodeIgniter\CodeIgniter->runController(Object(App\Controllers\UserController))
#4 C:\xampp\htdocs\SR_Productions\CodeIgniter4\system\CodeIgniter.php(326): CodeIgniter\CodeIgniter->handleRequest(NULL, Object(Config\Cache), false)
#5 C:\xampp\htdocs\SR_Productions\CodeIgniter4\public\index.php(37): CodeIgniter\CodeIgniter->run()
#6 {main}
CRITICAL - 2022-12-04 23:02:02 --> Array to string conversion
#0 [internal function]: CodeIgniter\Debug\Exceptions->errorHandler(8, 'Array to string...', 'C:\\xampp\\htdocs...', 312, Array)
#1 C:\xampp\htdocs\SR_Productions\CodeIgniter4\system\Database\Query.php(312): implode(',', Array)
#2 C:\xampp\htdocs\SR_Productions\CodeIgniter4\system\Database\Query.php(293): CodeIgniter\Database\Query->matchNamedBinds('SELECT *\nFROM `...', Array)
#3 C:\xampp\htdocs\SR_Productions\CodeIgniter4\system\Database\Query.php(150): CodeIgniter\Database\Query->compileBinds()
#4 C:\xampp\htdocs\SR_Productions\CodeIgniter4\system\Database\BaseConnection.php(598): CodeIgniter\Database\Query->getQuery()
#5 C:\xampp\htdocs\SR_Productions\CodeIgniter4\system\Database\BaseBuilder.php(1455): CodeIgniter\Database\BaseConnection->query('SELECT *\nFROM `...', Array, false)
#6 C:\xampp\htdocs\SR_Productions\CodeIgniter4\app\Models\Database\DBAccess.php(39): CodeIgniter\Database\BaseBuilder->get()
#7 C:\xampp\htdocs\SR_Productions\CodeIgniter4\app\Controllers\BlueprintController.php(69): App\Models\Database\DBAccess->selectCommonCondition('stored_text', Array)
#8 C:\xampp\htdocs\SR_Productions\CodeIgniter4\app\Controllers\MainController.php(11): App\Controllers\BlueprintController->getDatafromDB('stored_text', Array, Array)
#9 C:\xampp\htdocs\SR_Productions\CodeIgniter4\app\Controllers\UserController.php(9): App\Controllers\MainController->storedText(Array, 'en')
#10 C:\xampp\htdocs\SR_Productions\CodeIgniter4\system\CodeIgniter.php(832): App\Controllers\UserController->loginScreen()
#11 C:\xampp\htdocs\SR_Productions\CodeIgniter4\system\CodeIgniter.php(419): CodeIgniter\CodeIgniter->runController(Object(App\Controllers\UserController))
#12 C:\xampp\htdocs\SR_Productions\CodeIgniter4\system\CodeIgniter.php(326): CodeIgniter\CodeIgniter->handleRequest(NULL, Object(Config\Cache), false)
#13 C:\xampp\htdocs\SR_Productions\CodeIgniter4\public\index.php(37): CodeIgniter\CodeIgniter->run()
#14 {main}
CRITICAL - 2022-12-04 23:02:39 --> Array to string conversion
#0 [internal function]: CodeIgniter\Debug\Exceptions->errorHandler(8, 'Array to string...', 'C:\\xampp\\htdocs...', 312, Array)
#1 C:\xampp\htdocs\SR_Productions\CodeIgniter4\system\Database\Query.php(312): implode(',', Array)
#2 C:\xampp\htdocs\SR_Productions\CodeIgniter4\system\Database\Query.php(293): CodeIgniter\Database\Query->matchNamedBinds('SELECT *\nFROM `...', Array)
#3 C:\xampp\htdocs\SR_Productions\CodeIgniter4\system\Database\Query.php(150): CodeIgniter\Database\Query->compileBinds()
#4 C:\xampp\htdocs\SR_Productions\CodeIgniter4\system\Database\BaseConnection.php(598): CodeIgniter\Database\Query->getQuery()
#5 C:\xampp\htdocs\SR_Productions\CodeIgniter4\system\Database\BaseBuilder.php(1455): CodeIgniter\Database\BaseConnection->query('SELECT *\nFROM `...', Array, false)
#6 C:\xampp\htdocs\SR_Productions\CodeIgniter4\app\Models\Database\DBAccess.php(39): CodeIgniter\Database\BaseBuilder->get()
#7 C:\xampp\htdocs\SR_Productions\CodeIgniter4\app\Controllers\BlueprintController.php(69): App\Models\Database\DBAccess->selectCommonCondition('stored_text', Array)
#8 C:\xampp\htdocs\SR_Productions\CodeIgniter4\app\Controllers\MainController.php(11): App\Controllers\BlueprintController->getDatafromDB('stored_text', Array, Array)
#9 C:\xampp\htdocs\SR_Productions\CodeIgniter4\app\Controllers\UserController.php(9): App\Controllers\MainController->storedText(Array, 'en')
#10 C:\xampp\htdocs\SR_Productions\CodeIgniter4\system\CodeIgniter.php(832): App\Controllers\UserController->loginScreen()
#11 C:\xampp\htdocs\SR_Productions\CodeIgniter4\system\CodeIgniter.php(419): CodeIgniter\CodeIgniter->runController(Object(App\Controllers\UserController))
#12 C:\xampp\htdocs\SR_Productions\CodeIgniter4\system\CodeIgniter.php(326): CodeIgniter\CodeIgniter->handleRequest(NULL, Object(Config\Cache), false)
#13 C:\xampp\htdocs\SR_Productions\CodeIgniter4\public\index.php(37): CodeIgniter\CodeIgniter->run()
#14 {main}
CRITICAL - 2022-12-04 23:03:42 --> Array to string conversion
#0 [internal function]: CodeIgniter\Debug\Exceptions->errorHandler(8, 'Array to string...', 'C:\\xampp\\htdocs...', 312, Array)
#1 C:\xampp\htdocs\SR_Productions\CodeIgniter4\system\Database\Query.php(312): implode(',', Array)
#2 C:\xampp\htdocs\SR_Productions\CodeIgniter4\system\Database\Query.php(293): CodeIgniter\Database\Query->matchNamedBinds('SELECT *\nFROM `...', Array)
#3 C:\xampp\htdocs\SR_Productions\CodeIgniter4\system\Database\Query.php(150): CodeIgniter\Database\Query->compileBinds()
#4 C:\xampp\htdocs\SR_Productions\CodeIgniter4\system\Database\BaseConnection.php(598): CodeIgniter\Database\Query->getQuery()
#5 C:\xampp\htdocs\SR_Productions\CodeIgniter4\system\Database\BaseBuilder.php(1455): CodeIgniter\Database\BaseConnection->query('SELECT *\nFROM `...', Array, false)
#6 C:\xampp\htdocs\SR_Productions\CodeIgniter4\app\Models\Database\DBAccess.php(39): CodeIgniter\Database\BaseBuilder->get()
#7 C:\xampp\htdocs\SR_Productions\CodeIgniter4\app\Controllers\BlueprintController.php(69): App\Models\Database\DBAccess->selectCommonCondition('stored_text', Array)
#8 C:\xampp\htdocs\SR_Productions\CodeIgniter4\app\Controllers\MainController.php(11): App\Controllers\BlueprintController->getDatafromDB('stored_text', Array, Array)
#9 C:\xampp\htdocs\SR_Productions\CodeIgniter4\app\Controllers\UserController.php(9): App\Controllers\MainController->storedText(Array, 'en')
#10 C:\xampp\htdocs\SR_Productions\CodeIgniter4\system\CodeIgniter.php(832): App\Controllers\UserController->loginScreen()
#11 C:\xampp\htdocs\SR_Productions\CodeIgniter4\system\CodeIgniter.php(419): CodeIgniter\CodeIgniter->runController(Object(App\Controllers\UserController))
#12 C:\xampp\htdocs\SR_Productions\CodeIgniter4\system\CodeIgniter.php(326): CodeIgniter\CodeIgniter->handleRequest(NULL, Object(Config\Cache), false)
#13 C:\xampp\htdocs\SR_Productions\CodeIgniter4\public\index.php(37): CodeIgniter\CodeIgniter->run()
#14 {main}
CRITICAL - 2022-12-04 23:03:56 --> Array to string conversion
#0 [internal function]: CodeIgniter\Debug\Exceptions->errorHandler(8, 'Array to string...', 'C:\\xampp\\htdocs...', 312, Array)
#1 C:\xampp\htdocs\SR_Productions\CodeIgniter4\system\Database\Query.php(312): implode(',', Array)
#2 C:\xampp\htdocs\SR_Productions\CodeIgniter4\system\Database\Query.php(293): CodeIgniter\Database\Query->matchNamedBinds('SELECT *\nFROM `...', Array)
#3 C:\xampp\htdocs\SR_Productions\CodeIgniter4\system\Database\Query.php(150): CodeIgniter\Database\Query->compileBinds()
#4 C:\xampp\htdocs\SR_Productions\CodeIgniter4\system\Database\BaseConnection.php(598): CodeIgniter\Database\Query->getQuery()
#5 C:\xampp\htdocs\SR_Productions\CodeIgniter4\system\Database\BaseBuilder.php(1455): CodeIgniter\Database\BaseConnection->query('SELECT *\nFROM `...', Array, false)
#6 C:\xampp\htdocs\SR_Productions\CodeIgniter4\app\Models\Database\DBAccess.php(39): CodeIgniter\Database\BaseBuilder->get()
#7 C:\xampp\htdocs\SR_Productions\CodeIgniter4\app\Controllers\BlueprintController.php(69): App\Models\Database\DBAccess->selectCommonCondition('stored_text', Array)
#8 C:\xampp\htdocs\SR_Productions\CodeIgniter4\app\Controllers\MainController.php(11): App\Controllers\BlueprintController->getDatafromDB('stored_text', Array, Array)
#9 C:\xampp\htdocs\SR_Productions\CodeIgniter4\app\Controllers\UserController.php(9): App\Controllers\MainController->storedText(Array, 'en')
#10 C:\xampp\htdocs\SR_Productions\CodeIgniter4\system\CodeIgniter.php(832): App\Controllers\UserController->loginScreen()
#11 C:\xampp\htdocs\SR_Productions\CodeIgniter4\system\CodeIgniter.php(419): CodeIgniter\CodeIgniter->runController(Object(App\Controllers\UserController))
#12 C:\xampp\htdocs\SR_Productions\CodeIgniter4\system\CodeIgniter.php(326): CodeIgniter\CodeIgniter->handleRequest(NULL, Object(Config\Cache), false)
#13 C:\xampp\htdocs\SR_Productions\CodeIgniter4\public\index.php(37): CodeIgniter\CodeIgniter->run()
#14 {main}
