CRITICAL - 2022-12-23 00:45:56 --> Undefined index: PhotoName
#0 C:\xampp\htdocs\SR_Productions\CodeIgniter4\app\Views\Merchent\add_mod_promo.php(51): CodeIgniter\Debug\Exceptions->errorHandler(8, 'Undefined index...', 'C:\\xampp\\htdocs...', 51, Array)
#1 C:\xampp\htdocs\SR_Productions\CodeIgniter4\system\View\View.php(210): include('C:\\xampp\\htdocs...')
#2 C:\xampp\htdocs\SR_Productions\CodeIgniter4\system\View\View.php(213): CodeIgniter\View\View->CodeIgniter\View\{closure}()
#3 C:\xampp\htdocs\SR_Productions\CodeIgniter4\system\Common.php(1089): CodeIgniter\View\View->render('Merchent/add_mo...', Array, true)
#4 C:\xampp\htdocs\SR_Productions\CodeIgniter4\app\Controllers\SupplierController.php(103): view('Merchent/add_mo...', Array)
#5 C:\xampp\htdocs\SR_Productions\CodeIgniter4\system\CodeIgniter.php(832): App\Controllers\SupplierController->newPromo()
#6 C:\xampp\htdocs\SR_Productions\CodeIgniter4\system\CodeIgniter.php(419): CodeIgniter\CodeIgniter->runController(Object(App\Controllers\SupplierController))
#7 C:\xampp\htdocs\SR_Productions\CodeIgniter4\system\CodeIgniter.php(326): CodeIgniter\CodeIgniter->handleRequest(NULL, Object(Config\Cache), false)
#8 C:\xampp\htdocs\SR_Productions\CodeIgniter4\public\index.php(37): CodeIgniter\CodeIgniter->run()
#9 {main}
CRITICAL - 2022-12-23 00:49:30 --> Illegal string offset 'ScreenCode'
#0 C:\xampp\htdocs\SR_Productions\CodeIgniter4\app\Controllers\MainController.php(59): CodeIgniter\Debug\Exceptions->errorHandler(2, 'Illegal string ...', 'C:\\xampp\\htdocs...', 59, Array)
#1 C:\xampp\htdocs\SR_Productions\CodeIgniter4\app\Controllers\SupplierController.php(56): App\Controllers\MainController->screenMaps('merchent-serv')
#2 C:\xampp\htdocs\SR_Productions\CodeIgniter4\system\CodeIgniter.php(832): App\Controllers\SupplierController->segmentMerchent()
#3 C:\xampp\htdocs\SR_Productions\CodeIgniter4\system\CodeIgniter.php(419): CodeIgniter\CodeIgniter->runController(Object(App\Controllers\SupplierController))
#4 C:\xampp\htdocs\SR_Productions\CodeIgniter4\system\CodeIgniter.php(326): CodeIgniter\CodeIgniter->handleRequest(NULL, Object(Config\Cache), false)
#5 C:\xampp\htdocs\SR_Productions\CodeIgniter4\public\index.php(37): CodeIgniter\CodeIgniter->run()
#6 {main}
CRITICAL - 2022-12-23 03:30:17 --> Undefined variable: promotionData
#0 C:\xampp\htdocs\SR_Productions\CodeIgniter4\app\Views\Merchent\add_mod_promo.php(7): CodeIgniter\Debug\Exceptions->errorHandler(8, 'Undefined varia...', 'C:\\xampp\\htdocs...', 7, Array)
#1 C:\xampp\htdocs\SR_Productions\CodeIgniter4\system\View\View.php(210): include('C:\\xampp\\htdocs...')
#2 C:\xampp\htdocs\SR_Productions\CodeIgniter4\system\View\View.php(213): CodeIgniter\View\View->CodeIgniter\View\{closure}()
#3 C:\xampp\htdocs\SR_Productions\CodeIgniter4\system\Common.php(1089): CodeIgniter\View\View->render('Merchent/add_mo...', Array, true)
#4 C:\xampp\htdocs\SR_Productions\CodeIgniter4\app\Controllers\SupplierController.php(220): view('Merchent/add_mo...', Array)
#5 C:\xampp\htdocs\SR_Productions\CodeIgniter4\system\CodeIgniter.php(832): App\Controllers\SupplierController->updatePromo('7')
#6 C:\xampp\htdocs\SR_Productions\CodeIgniter4\system\CodeIgniter.php(419): CodeIgniter\CodeIgniter->runController(Object(App\Controllers\SupplierController))
#7 C:\xampp\htdocs\SR_Productions\CodeIgniter4\system\CodeIgniter.php(326): CodeIgniter\CodeIgniter->handleRequest(NULL, Object(Config\Cache), false)
#8 C:\xampp\htdocs\SR_Productions\CodeIgniter4\public\index.php(37): CodeIgniter\CodeIgniter->run()
#9 {main}
CRITICAL - 2022-12-23 11:42:38 --> Illegal string offset 'ScreenCode'
#0 C:\xampp\htdocs\SR_Productions\CodeIgniter4\app\Controllers\MainController.php(59): CodeIgniter\Debug\Exceptions->errorHandler(2, 'Illegal string ...', 'C:\\xampp\\htdocs...', 59, Array)
#1 C:\xampp\htdocs\SR_Productions\CodeIgniter4\app\Controllers\SupplierController.php(56): App\Controllers\MainController->screenMaps('merchent-serv')
#2 C:\xampp\htdocs\SR_Productions\CodeIgniter4\system\CodeIgniter.php(832): App\Controllers\SupplierController->segmentMerchent()
#3 C:\xampp\htdocs\SR_Productions\CodeIgniter4\system\CodeIgniter.php(419): CodeIgniter\CodeIgniter->runController(Object(App\Controllers\SupplierController))
#4 C:\xampp\htdocs\SR_Productions\CodeIgniter4\system\CodeIgniter.php(326): CodeIgniter\CodeIgniter->handleRequest(NULL, Object(Config\Cache), false)
#5 C:\xampp\htdocs\SR_Productions\CodeIgniter4\public\index.php(37): CodeIgniter\CodeIgniter->run()
#6 {main}
ERROR - 2022-12-23 11:42:42 --> Duplicate entry '6' for key 'PRIMARY'
CRITICAL - 2022-12-23 11:42:42 --> Duplicate entry '6' for key 'PRIMARY'
#0 C:\xampp\htdocs\SR_Productions\CodeIgniter4\system\Database\MySQLi\Connection.php(292): mysqli->query('UPDATE `promoti...', 0)
#1 C:\xampp\htdocs\SR_Productions\CodeIgniter4\system\Database\BaseConnection.php(670): CodeIgniter\Database\MySQLi\Connection->execute('UPDATE `promoti...')
#2 C:\xampp\htdocs\SR_Productions\CodeIgniter4\system\Database\BaseConnection.php(598): CodeIgniter\Database\BaseConnection->simpleQuery('UPDATE `promoti...')
#3 C:\xampp\htdocs\SR_Productions\CodeIgniter4\system\Database\BaseBuilder.php(1913): CodeIgniter\Database\BaseConnection->query('UPDATE `promoti...', Array, false)
#4 C:\xampp\htdocs\SR_Productions\CodeIgniter4\app\Models\Database\DBAccess.php(157): CodeIgniter\Database\BaseBuilder->update(Array)
#5 C:\xampp\htdocs\SR_Productions\CodeIgniter4\app\Controllers\BlueprintController.php(170): App\Models\Database\DBAccess->updateCommonData('promotion', Array, Array)
#6 C:\xampp\htdocs\SR_Productions\CodeIgniter4\app\Controllers\SupplierController.php(259): App\Controllers\BlueprintController->updateDBData('promotion', Array, Array)
#7 C:\xampp\htdocs\SR_Productions\CodeIgniter4\app\Controllers\SupplierController.php(225): App\Controllers\SupplierController->promotionalInsertUpdate('update')
#8 C:\xampp\htdocs\SR_Productions\CodeIgniter4\system\CodeIgniter.php(832): App\Controllers\SupplierController->modPromo()
#9 C:\xampp\htdocs\SR_Productions\CodeIgniter4\system\CodeIgniter.php(419): CodeIgniter\CodeIgniter->runController(Object(App\Controllers\SupplierController))
#10 C:\xampp\htdocs\SR_Productions\CodeIgniter4\system\CodeIgniter.php(326): CodeIgniter\CodeIgniter->handleRequest(NULL, Object(Config\Cache), false)
#11 C:\xampp\htdocs\SR_Productions\CodeIgniter4\public\index.php(37): CodeIgniter\CodeIgniter->run()
#12 {main}
CRITICAL - 2022-12-23 14:01:02 --> Illegal string offset 'ScreenCode'
#0 C:\xampp\htdocs\SR_Productions\CodeIgniter4\app\Controllers\MainController.php(59): CodeIgniter\Debug\Exceptions->errorHandler(2, 'Illegal string ...', 'C:\\xampp\\htdocs...', 59, Array)
#1 C:\xampp\htdocs\SR_Productions\CodeIgniter4\app\Controllers\SupplierController.php(56): App\Controllers\MainController->screenMaps('merchent-serv')
#2 C:\xampp\htdocs\SR_Productions\CodeIgniter4\system\CodeIgniter.php(832): App\Controllers\SupplierController->segmentMerchent()
#3 C:\xampp\htdocs\SR_Productions\CodeIgniter4\system\CodeIgniter.php(419): CodeIgniter\CodeIgniter->runController(Object(App\Controllers\SupplierController))
#4 C:\xampp\htdocs\SR_Productions\CodeIgniter4\system\CodeIgniter.php(326): CodeIgniter\CodeIgniter->handleRequest(NULL, Object(Config\Cache), false)
#5 C:\xampp\htdocs\SR_Productions\CodeIgniter4\public\index.php(37): CodeIgniter\CodeIgniter->run()
#6 {main}
CRITICAL - 2022-12-23 14:01:37 --> Illegal string offset 'ScreenCode'
#0 C:\xampp\htdocs\SR_Productions\CodeIgniter4\app\Controllers\MainController.php(59): CodeIgniter\Debug\Exceptions->errorHandler(2, 'Illegal string ...', 'C:\\xampp\\htdocs...', 59, Array)
#1 C:\xampp\htdocs\SR_Productions\CodeIgniter4\app\Controllers\SupplierController.php(56): App\Controllers\MainController->screenMaps('merchent-them')
#2 C:\xampp\htdocs\SR_Productions\CodeIgniter4\system\CodeIgniter.php(832): App\Controllers\SupplierController->segmentMerchent()
#3 C:\xampp\htdocs\SR_Productions\CodeIgniter4\system\CodeIgniter.php(419): CodeIgniter\CodeIgniter->runController(Object(App\Controllers\SupplierController))
#4 C:\xampp\htdocs\SR_Productions\CodeIgniter4\system\CodeIgniter.php(326): CodeIgniter\CodeIgniter->handleRequest(NULL, Object(Config\Cache), false)
#5 C:\xampp\htdocs\SR_Productions\CodeIgniter4\public\index.php(37): CodeIgniter\CodeIgniter->run()
#6 {main}
