CRITICAL - 2022-12-19 03:31:35 --> Illegal string offset 'ScreenCode'
#0 C:\xampp\htdocs\SR_Productions\CodeIgniter4\app\Controllers\MainController.php(60): CodeIgniter\Debug\Exceptions->errorHandler(2, 'Illegal string ...', 'C:\\xampp\\htdocs...', 60, Array)
#1 C:\xampp\htdocs\SR_Productions\CodeIgniter4\app\Controllers\SupplierController.php(55): App\Controllers\MainController->screenMaps('merchent-serv')
#2 C:\xampp\htdocs\SR_Productions\CodeIgniter4\system\CodeIgniter.php(832): App\Controllers\SupplierController->segmentMerchent()
#3 C:\xampp\htdocs\SR_Productions\CodeIgniter4\system\CodeIgniter.php(419): CodeIgniter\CodeIgniter->runController(Object(App\Controllers\SupplierController))
#4 C:\xampp\htdocs\SR_Productions\CodeIgniter4\system\CodeIgniter.php(326): CodeIgniter\CodeIgniter->handleRequest(NULL, Object(Config\Cache), false)
#5 C:\xampp\htdocs\SR_Productions\CodeIgniter4\public\index.php(37): CodeIgniter\CodeIgniter->run()
#6 {main}
CRITICAL - 2022-12-19 04:15:14 --> Illegal string offset 'ScreenCode'
#0 C:\xampp\htdocs\SR_Productions\CodeIgniter4\app\Controllers\MainController.php(60): CodeIgniter\Debug\Exceptions->errorHandler(2, 'Illegal string ...', 'C:\\xampp\\htdocs...', 60, Array)
#1 C:\xampp\htdocs\SR_Productions\CodeIgniter4\app\Controllers\SupplierController.php(55): App\Controllers\MainController->screenMaps('merchent-serv')
#2 C:\xampp\htdocs\SR_Productions\CodeIgniter4\system\CodeIgniter.php(832): App\Controllers\SupplierController->segmentMerchent()
#3 C:\xampp\htdocs\SR_Productions\CodeIgniter4\system\CodeIgniter.php(419): CodeIgniter\CodeIgniter->runController(Object(App\Controllers\SupplierController))
#4 C:\xampp\htdocs\SR_Productions\CodeIgniter4\system\CodeIgniter.php(326): CodeIgniter\CodeIgniter->handleRequest(NULL, Object(Config\Cache), false)
#5 C:\xampp\htdocs\SR_Productions\CodeIgniter4\public\index.php(37): CodeIgniter\CodeIgniter->run()
#6 {main}
CRITICAL - 2022-12-19 09:38:26 --> Illegal string offset 'ScreenCode'
#0 C:\xampp\htdocs\SR_Productions\CodeIgniter4\app\Controllers\MainController.php(60): CodeIgniter\Debug\Exceptions->errorHandler(2, 'Illegal string ...', 'C:\\xampp\\htdocs...', 60, Array)
#1 C:\xampp\htdocs\SR_Productions\CodeIgniter4\app\Controllers\SupplierController.php(55): App\Controllers\MainController->screenMaps('merchent-serv')
#2 C:\xampp\htdocs\SR_Productions\CodeIgniter4\system\CodeIgniter.php(832): App\Controllers\SupplierController->segmentMerchent()
#3 C:\xampp\htdocs\SR_Productions\CodeIgniter4\system\CodeIgniter.php(419): CodeIgniter\CodeIgniter->runController(Object(App\Controllers\SupplierController))
#4 C:\xampp\htdocs\SR_Productions\CodeIgniter4\system\CodeIgniter.php(326): CodeIgniter\CodeIgniter->handleRequest(NULL, Object(Config\Cache), false)
#5 C:\xampp\htdocs\SR_Productions\CodeIgniter4\public\index.php(37): CodeIgniter\CodeIgniter->run()
#6 {main}
CRITICAL - 2022-12-19 11:42:34 --> Illegal string offset 'ScreenCode'
#0 C:\xampp\htdocs\SR_Productions\CodeIgniter4\app\Controllers\MainController.php(60): CodeIgniter\Debug\Exceptions->errorHandler(2, 'Illegal string ...', 'C:\\xampp\\htdocs...', 60, Array)
#1 C:\xampp\htdocs\SR_Productions\CodeIgniter4\app\Controllers\SupplierController.php(55): App\Controllers\MainController->screenMaps('merchent-serv')
#2 C:\xampp\htdocs\SR_Productions\CodeIgniter4\system\CodeIgniter.php(832): App\Controllers\SupplierController->segmentMerchent()
#3 C:\xampp\htdocs\SR_Productions\CodeIgniter4\system\CodeIgniter.php(419): CodeIgniter\CodeIgniter->runController(Object(App\Controllers\SupplierController))
#4 C:\xampp\htdocs\SR_Productions\CodeIgniter4\system\CodeIgniter.php(326): CodeIgniter\CodeIgniter->handleRequest(NULL, Object(Config\Cache), false)
#5 C:\xampp\htdocs\SR_Productions\CodeIgniter4\public\index.php(37): CodeIgniter\CodeIgniter->run()
#6 {main}
CRITICAL - 2022-12-19 11:44:42 --> Invalid file: Merchent/new_modifyPromo.php
#0 C:\xampp\htdocs\SR_Productions\CodeIgniter4\system\View\View.php(198): CodeIgniter\Exceptions\FrameworkException::forInvalidFile('Merchent/new_mo...')
#1 C:\xampp\htdocs\SR_Productions\CodeIgniter4\system\Common.php(1089): CodeIgniter\View\View->render('Merchent/new_mo...', Array, true)
#2 C:\xampp\htdocs\SR_Productions\CodeIgniter4\app\Controllers\SupplierController.php(89): view('Merchent/new_mo...', Array)
#3 C:\xampp\htdocs\SR_Productions\CodeIgniter4\system\CodeIgniter.php(832): App\Controllers\SupplierController->newPromo()
#4 C:\xampp\htdocs\SR_Productions\CodeIgniter4\system\CodeIgniter.php(419): CodeIgniter\CodeIgniter->runController(Object(App\Controllers\SupplierController))
#5 C:\xampp\htdocs\SR_Productions\CodeIgniter4\system\CodeIgniter.php(326): CodeIgniter\CodeIgniter->handleRequest(NULL, Object(Config\Cache), false)
#6 C:\xampp\htdocs\SR_Productions\CodeIgniter4\public\index.php(37): CodeIgniter\CodeIgniter->run()
#7 {main}
