CRITICAL - 2022-12-22 00:36:54 --> Illegal string offset 'ScreenCode'
#0 C:\xampp\htdocs\SR_Productions\CodeIgniter4\app\Controllers\MainController.php(60): CodeIgniter\Debug\Exceptions->errorHandler(2, 'Illegal string ...', 'C:\\xampp\\htdocs...', 60, Array)
#1 C:\xampp\htdocs\SR_Productions\CodeIgniter4\app\Controllers\SupplierController.php(55): App\Controllers\MainController->screenMaps('merchent-serv')
#2 C:\xampp\htdocs\SR_Productions\CodeIgniter4\system\CodeIgniter.php(832): App\Controllers\SupplierController->segmentMerchent()
#3 C:\xampp\htdocs\SR_Productions\CodeIgniter4\system\CodeIgniter.php(419): CodeIgniter\CodeIgniter->runController(Object(App\Controllers\SupplierController))
#4 C:\xampp\htdocs\SR_Productions\CodeIgniter4\system\CodeIgniter.php(326): CodeIgniter\CodeIgniter->handleRequest(NULL, Object(Config\Cache), false)
#5 C:\xampp\htdocs\SR_Productions\CodeIgniter4\public\index.php(37): CodeIgniter\CodeIgniter->run()
#6 {main}
CRITICAL - 2022-12-22 00:37:03 --> Illegal string offset 'ScreenCode'
#0 C:\xampp\htdocs\SR_Productions\CodeIgniter4\app\Controllers\MainController.php(60): CodeIgniter\Debug\Exceptions->errorHandler(2, 'Illegal string ...', 'C:\\xampp\\htdocs...', 60, Array)
#1 C:\xampp\htdocs\SR_Productions\CodeIgniter4\app\Controllers\SupplierController.php(55): App\Controllers\MainController->screenMaps('merchent-serv')
#2 C:\xampp\htdocs\SR_Productions\CodeIgniter4\system\CodeIgniter.php(832): App\Controllers\SupplierController->segmentMerchent()
#3 C:\xampp\htdocs\SR_Productions\CodeIgniter4\system\CodeIgniter.php(419): CodeIgniter\CodeIgniter->runController(Object(App\Controllers\SupplierController))
#4 C:\xampp\htdocs\SR_Productions\CodeIgniter4\system\CodeIgniter.php(326): CodeIgniter\CodeIgniter->handleRequest(NULL, Object(Config\Cache), false)
#5 C:\xampp\htdocs\SR_Productions\CodeIgniter4\public\index.php(37): CodeIgniter\CodeIgniter->run()
#6 {main}
CRITICAL - 2022-12-22 03:46:26 --> Undefined variable: form
#0 C:\xampp\htdocs\SR_Productions\CodeIgniter4\app\Views\Merchent\add_mod_promo.php(12): CodeIgniter\Debug\Exceptions->errorHandler(8, 'Undefined varia...', 'C:\\xampp\\htdocs...', 12, Array)
#1 C:\xampp\htdocs\SR_Productions\CodeIgniter4\system\View\View.php(210): include('C:\\xampp\\htdocs...')
#2 C:\xampp\htdocs\SR_Productions\CodeIgniter4\system\View\View.php(213): CodeIgniter\View\View->CodeIgniter\View\{closure}()
#3 C:\xampp\htdocs\SR_Productions\CodeIgniter4\system\Common.php(1089): CodeIgniter\View\View->render('Merchent/add_mo...', Array, true)
#4 C:\xampp\htdocs\SR_Productions\CodeIgniter4\app\Controllers\SupplierController.php(89): view('Merchent/add_mo...', Array)
#5 C:\xampp\htdocs\SR_Productions\CodeIgniter4\system\CodeIgniter.php(832): App\Controllers\SupplierController->newPromo()
#6 C:\xampp\htdocs\SR_Productions\CodeIgniter4\system\CodeIgniter.php(419): CodeIgniter\CodeIgniter->runController(Object(App\Controllers\SupplierController))
#7 C:\xampp\htdocs\SR_Productions\CodeIgniter4\system\CodeIgniter.php(326): CodeIgniter\CodeIgniter->handleRequest(NULL, Object(Config\Cache), false)
#8 C:\xampp\htdocs\SR_Productions\CodeIgniter4\public\index.php(37): CodeIgniter\CodeIgniter->run()
#9 {main}
CRITICAL - 2022-12-22 03:49:14 --> Undefined variable: form
#0 C:\xampp\htdocs\SR_Productions\CodeIgniter4\app\Views\Merchent\add_mod_promo.php(12): CodeIgniter\Debug\Exceptions->errorHandler(8, 'Undefined varia...', 'C:\\xampp\\htdocs...', 12, Array)
#1 C:\xampp\htdocs\SR_Productions\CodeIgniter4\system\View\View.php(210): include('C:\\xampp\\htdocs...')
#2 C:\xampp\htdocs\SR_Productions\CodeIgniter4\system\View\View.php(213): CodeIgniter\View\View->CodeIgniter\View\{closure}()
#3 C:\xampp\htdocs\SR_Productions\CodeIgniter4\system\Common.php(1089): CodeIgniter\View\View->render('Merchent/add_mo...', Array, true)
#4 C:\xampp\htdocs\SR_Productions\CodeIgniter4\app\Controllers\SupplierController.php(89): view('Merchent/add_mo...', Array)
#5 C:\xampp\htdocs\SR_Productions\CodeIgniter4\system\CodeIgniter.php(832): App\Controllers\SupplierController->newPromo()
#6 C:\xampp\htdocs\SR_Productions\CodeIgniter4\system\CodeIgniter.php(419): CodeIgniter\CodeIgniter->runController(Object(App\Controllers\SupplierController))
#7 C:\xampp\htdocs\SR_Productions\CodeIgniter4\system\CodeIgniter.php(326): CodeIgniter\CodeIgniter->handleRequest(NULL, Object(Config\Cache), false)
#8 C:\xampp\htdocs\SR_Productions\CodeIgniter4\public\index.php(37): CodeIgniter\CodeIgniter->run()
#9 {main}
CRITICAL - 2022-12-22 11:30:22 --> Undefined variable: valueList
#0 C:\xampp\htdocs\SR_Productions\CodeIgniter4\app\Views\Merchent\add_mod_promo.php(12): CodeIgniter\Debug\Exceptions->errorHandler(8, 'Undefined varia...', 'C:\\xampp\\htdocs...', 12, Array)
#1 C:\xampp\htdocs\SR_Productions\CodeIgniter4\system\View\View.php(210): include('C:\\xampp\\htdocs...')
#2 C:\xampp\htdocs\SR_Productions\CodeIgniter4\system\View\View.php(213): CodeIgniter\View\View->CodeIgniter\View\{closure}()
#3 C:\xampp\htdocs\SR_Productions\CodeIgniter4\system\Common.php(1089): CodeIgniter\View\View->render('Merchent/add_mo...', Array, true)
#4 C:\xampp\htdocs\SR_Productions\CodeIgniter4\app\Controllers\SupplierController.php(87): view('Merchent/add_mo...', Array)
#5 C:\xampp\htdocs\SR_Productions\CodeIgniter4\system\CodeIgniter.php(832): App\Controllers\SupplierController->newPromo()
#6 C:\xampp\htdocs\SR_Productions\CodeIgniter4\system\CodeIgniter.php(419): CodeIgniter\CodeIgniter->runController(Object(App\Controllers\SupplierController))
#7 C:\xampp\htdocs\SR_Productions\CodeIgniter4\system\CodeIgniter.php(326): CodeIgniter\CodeIgniter->handleRequest(NULL, Object(Config\Cache), false)
#8 C:\xampp\htdocs\SR_Productions\CodeIgniter4\public\index.php(37): CodeIgniter\CodeIgniter->run()
#9 {main}
CRITICAL - 2022-12-22 14:28:31 --> Undefined index: PromoDesc
#0 C:\xampp\htdocs\SR_Productions\CodeIgniter4\app\Views\Merchent\add_mod_promo.php(12): CodeIgniter\Debug\Exceptions->errorHandler(8, 'Undefined index...', 'C:\\xampp\\htdocs...', 12, Array)
#1 C:\xampp\htdocs\SR_Productions\CodeIgniter4\system\View\View.php(210): include('C:\\xampp\\htdocs...')
#2 C:\xampp\htdocs\SR_Productions\CodeIgniter4\system\View\View.php(213): CodeIgniter\View\View->CodeIgniter\View\{closure}()
#3 C:\xampp\htdocs\SR_Productions\CodeIgniter4\system\Common.php(1089): CodeIgniter\View\View->render('Merchent/add_mo...', Array, true)
#4 C:\xampp\htdocs\SR_Productions\CodeIgniter4\app\Controllers\SupplierController.php(94): view('Merchent/add_mo...', Array)
#5 C:\xampp\htdocs\SR_Productions\CodeIgniter4\system\CodeIgniter.php(832): App\Controllers\SupplierController->newPromo()
#6 C:\xampp\htdocs\SR_Productions\CodeIgniter4\system\CodeIgniter.php(419): CodeIgniter\CodeIgniter->runController(Object(App\Controllers\SupplierController))
#7 C:\xampp\htdocs\SR_Productions\CodeIgniter4\system\CodeIgniter.php(326): CodeIgniter\CodeIgniter->handleRequest(NULL, Object(Config\Cache), false)
#8 C:\xampp\htdocs\SR_Productions\CodeIgniter4\public\index.php(37): CodeIgniter\CodeIgniter->run()
#9 {main}
CRITICAL - 2022-12-22 14:29:56 --> Undefined index: Summary
#0 C:\xampp\htdocs\SR_Productions\CodeIgniter4\app\Views\Merchent\add_mod_promo.php(13): CodeIgniter\Debug\Exceptions->errorHandler(8, 'Undefined index...', 'C:\\xampp\\htdocs...', 13, Array)
#1 C:\xampp\htdocs\SR_Productions\CodeIgniter4\system\View\View.php(210): include('C:\\xampp\\htdocs...')
#2 C:\xampp\htdocs\SR_Productions\CodeIgniter4\system\View\View.php(213): CodeIgniter\View\View->CodeIgniter\View\{closure}()
#3 C:\xampp\htdocs\SR_Productions\CodeIgniter4\system\Common.php(1089): CodeIgniter\View\View->render('Merchent/add_mo...', Array, true)
#4 C:\xampp\htdocs\SR_Productions\CodeIgniter4\app\Controllers\SupplierController.php(94): view('Merchent/add_mo...', Array)
#5 C:\xampp\htdocs\SR_Productions\CodeIgniter4\system\CodeIgniter.php(832): App\Controllers\SupplierController->newPromo()
#6 C:\xampp\htdocs\SR_Productions\CodeIgniter4\system\CodeIgniter.php(419): CodeIgniter\CodeIgniter->runController(Object(App\Controllers\SupplierController))
#7 C:\xampp\htdocs\SR_Productions\CodeIgniter4\system\CodeIgniter.php(326): CodeIgniter\CodeIgniter->handleRequest(NULL, Object(Config\Cache), false)
#8 C:\xampp\htdocs\SR_Productions\CodeIgniter4\public\index.php(37): CodeIgniter\CodeIgniter->run()
#9 {main}
CRITICAL - 2022-12-22 14:29:58 --> Undefined index: Summary
#0 C:\xampp\htdocs\SR_Productions\CodeIgniter4\app\Views\Merchent\add_mod_promo.php(13): CodeIgniter\Debug\Exceptions->errorHandler(8, 'Undefined index...', 'C:\\xampp\\htdocs...', 13, Array)
#1 C:\xampp\htdocs\SR_Productions\CodeIgniter4\system\View\View.php(210): include('C:\\xampp\\htdocs...')
#2 C:\xampp\htdocs\SR_Productions\CodeIgniter4\system\View\View.php(213): CodeIgniter\View\View->CodeIgniter\View\{closure}()
#3 C:\xampp\htdocs\SR_Productions\CodeIgniter4\system\Common.php(1089): CodeIgniter\View\View->render('Merchent/add_mo...', Array, true)
#4 C:\xampp\htdocs\SR_Productions\CodeIgniter4\app\Controllers\SupplierController.php(94): view('Merchent/add_mo...', Array)
#5 C:\xampp\htdocs\SR_Productions\CodeIgniter4\system\CodeIgniter.php(832): App\Controllers\SupplierController->newPromo()
#6 C:\xampp\htdocs\SR_Productions\CodeIgniter4\system\CodeIgniter.php(419): CodeIgniter\CodeIgniter->runController(Object(App\Controllers\SupplierController))
#7 C:\xampp\htdocs\SR_Productions\CodeIgniter4\system\CodeIgniter.php(326): CodeIgniter\CodeIgniter->handleRequest(NULL, Object(Config\Cache), false)
#8 C:\xampp\htdocs\SR_Productions\CodeIgniter4\public\index.php(37): CodeIgniter\CodeIgniter->run()
#9 {main}
CRITICAL - 2022-12-22 14:30:25 --> Undefined variable: MenuData
#0 C:\xampp\htdocs\SR_Productions\CodeIgniter4\app\Views\layouts\merchent.php(19): CodeIgniter\Debug\Exceptions->errorHandler(8, 'Undefined varia...', 'C:\\xampp\\htdocs...', 19, Array)
#1 C:\xampp\htdocs\SR_Productions\CodeIgniter4\system\View\View.php(210): include('C:\\xampp\\htdocs...')
#2 C:\xampp\htdocs\SR_Productions\CodeIgniter4\system\View\View.php(213): CodeIgniter\View\View->CodeIgniter\View\{closure}()
#3 C:\xampp\htdocs\SR_Productions\CodeIgniter4\system\View\View.php(226): CodeIgniter\View\View->render('layouts/merchen...', Array, true)
#4 C:\xampp\htdocs\SR_Productions\CodeIgniter4\system\Common.php(1089): CodeIgniter\View\View->render('Merchent/add_mo...', Array, true)
#5 C:\xampp\htdocs\SR_Productions\CodeIgniter4\app\Controllers\SupplierController.php(94): view('Merchent/add_mo...', Array)
#6 C:\xampp\htdocs\SR_Productions\CodeIgniter4\system\CodeIgniter.php(832): App\Controllers\SupplierController->newPromo()
#7 C:\xampp\htdocs\SR_Productions\CodeIgniter4\system\CodeIgniter.php(419): CodeIgniter\CodeIgniter->runController(Object(App\Controllers\SupplierController))
#8 C:\xampp\htdocs\SR_Productions\CodeIgniter4\system\CodeIgniter.php(326): CodeIgniter\CodeIgniter->handleRequest(NULL, Object(Config\Cache), false)
#9 C:\xampp\htdocs\SR_Productions\CodeIgniter4\public\index.php(37): CodeIgniter\CodeIgniter->run()
#10 {main}
CRITICAL - 2022-12-22 14:50:01 --> Illegal string offset 'ScreenCode'
#0 C:\xampp\htdocs\SR_Productions\CodeIgniter4\app\Controllers\MainController.php(59): CodeIgniter\Debug\Exceptions->errorHandler(2, 'Illegal string ...', 'C:\\xampp\\htdocs...', 59, Array)
#1 C:\xampp\htdocs\SR_Productions\CodeIgniter4\app\Controllers\SupplierController.php(56): App\Controllers\MainController->screenMaps('merchent-serv')
#2 C:\xampp\htdocs\SR_Productions\CodeIgniter4\system\CodeIgniter.php(832): App\Controllers\SupplierController->segmentMerchent()
#3 C:\xampp\htdocs\SR_Productions\CodeIgniter4\system\CodeIgniter.php(419): CodeIgniter\CodeIgniter->runController(Object(App\Controllers\SupplierController))
#4 C:\xampp\htdocs\SR_Productions\CodeIgniter4\system\CodeIgniter.php(326): CodeIgniter\CodeIgniter->handleRequest(NULL, Object(Config\Cache), false)
#5 C:\xampp\htdocs\SR_Productions\CodeIgniter4\public\index.php(37): CodeIgniter\CodeIgniter->run()
#6 {main}
CRITICAL - 2022-12-22 14:50:06 --> Undefined index: Name
#0 C:\xampp\htdocs\SR_Productions\CodeIgniter4\app\Views\Merchent\add_mod_promo.php(8): CodeIgniter\Debug\Exceptions->errorHandler(8, 'Undefined index...', 'C:\\xampp\\htdocs...', 8, Array)
#1 C:\xampp\htdocs\SR_Productions\CodeIgniter4\system\View\View.php(210): include('C:\\xampp\\htdocs...')
#2 C:\xampp\htdocs\SR_Productions\CodeIgniter4\system\View\View.php(213): CodeIgniter\View\View->CodeIgniter\View\{closure}()
#3 C:\xampp\htdocs\SR_Productions\CodeIgniter4\system\Common.php(1089): CodeIgniter\View\View->render('Merchent/add_mo...', Array, true)
#4 C:\xampp\htdocs\SR_Productions\CodeIgniter4\app\Controllers\SupplierController.php(200): view('Merchent/add_mo...', Array)
#5 C:\xampp\htdocs\SR_Productions\CodeIgniter4\system\CodeIgniter.php(832): App\Controllers\SupplierController->updatePromo('6')
#6 C:\xampp\htdocs\SR_Productions\CodeIgniter4\system\CodeIgniter.php(419): CodeIgniter\CodeIgniter->runController(Object(App\Controllers\SupplierController))
#7 C:\xampp\htdocs\SR_Productions\CodeIgniter4\system\CodeIgniter.php(326): CodeIgniter\CodeIgniter->handleRequest(NULL, Object(Config\Cache), false)
#8 C:\xampp\htdocs\SR_Productions\CodeIgniter4\public\index.php(37): CodeIgniter\CodeIgniter->run()
#9 {main}
CRITICAL - 2022-12-22 14:54:28 --> Undefined index: AddPromoTitle
#0 C:\xampp\htdocs\SR_Productions\CodeIgniter4\app\Views\Merchent\add_mod_promo.php(5): CodeIgniter\Debug\Exceptions->errorHandler(8, 'Undefined index...', 'C:\\xampp\\htdocs...', 5, Array)
#1 C:\xampp\htdocs\SR_Productions\CodeIgniter4\system\View\View.php(210): include('C:\\xampp\\htdocs...')
#2 C:\xampp\htdocs\SR_Productions\CodeIgniter4\system\View\View.php(213): CodeIgniter\View\View->CodeIgniter\View\{closure}()
#3 C:\xampp\htdocs\SR_Productions\CodeIgniter4\system\Common.php(1089): CodeIgniter\View\View->render('Merchent/add_mo...', Array, true)
#4 C:\xampp\htdocs\SR_Productions\CodeIgniter4\app\Controllers\SupplierController.php(200): view('Merchent/add_mo...', Array)
#5 C:\xampp\htdocs\SR_Productions\CodeIgniter4\system\CodeIgniter.php(832): App\Controllers\SupplierController->updatePromo('6')
#6 C:\xampp\htdocs\SR_Productions\CodeIgniter4\system\CodeIgniter.php(419): CodeIgniter\CodeIgniter->runController(Object(App\Controllers\SupplierController))
#7 C:\xampp\htdocs\SR_Productions\CodeIgniter4\system\CodeIgniter.php(326): CodeIgniter\CodeIgniter->handleRequest(NULL, Object(Config\Cache), false)
#8 C:\xampp\htdocs\SR_Productions\CodeIgniter4\public\index.php(37): CodeIgniter\CodeIgniter->run()
#9 {main}
CRITICAL - 2022-12-22 14:58:54 --> syntax error, unexpected 'echo' (T_ECHO)
#0 C:\xampp\htdocs\SR_Productions\CodeIgniter4\system\Autoloader\Autoloader.php(241): CodeIgniter\Autoloader\Autoloader->includeFile('C:\\xampp\\htdocs...')
#1 C:\xampp\htdocs\SR_Productions\CodeIgniter4\system\Autoloader\Autoloader.php(219): CodeIgniter\Autoloader\Autoloader->loadInNamespace('App\\Controllers...')
#2 [internal function]: CodeIgniter\Autoloader\Autoloader->loadClass('App\\Controllers...')
#3 [internal function]: spl_autoload_call('App\\Controllers...')
#4 C:\xampp\htdocs\SR_Productions\CodeIgniter4\system\CodeIgniter.php(797): class_exists('\\App\\Controller...', true)
#5 C:\xampp\htdocs\SR_Productions\CodeIgniter4\system\CodeIgniter.php(406): CodeIgniter\CodeIgniter->startController()
#6 C:\xampp\htdocs\SR_Productions\CodeIgniter4\system\CodeIgniter.php(326): CodeIgniter\CodeIgniter->handleRequest(NULL, Object(Config\Cache), false)
#7 C:\xampp\htdocs\SR_Productions\CodeIgniter4\public\index.php(37): CodeIgniter\CodeIgniter->run()
#8 {main}
