CRITICAL - 2024-08-06 05:28:26 --> Creation of dynamic property App\Controllers\Home::$table is deprecated
#0 C:\xampp\htdocs\Esoft-Project\CodeIgniter4-Reusable\app\Controllers\Traits\DB\AdminTraits.php(129): CodeIgniter\Debug\Exceptions->errorHandler(8192, 'Creation of dyn...', 'C:\\xampp\\htdocs...', 129)
#1 C:\xampp\htdocs\Esoft-Project\CodeIgniter4-Reusable\app\Controllers\BlueprintController.php(57): App\Controllers\BlueprintController->screenStructure()
#2 C:\xampp\htdocs\Esoft-Project\CodeIgniter4-Reusable\app\Controllers\MainController.php(9): App\Controllers\BlueprintController->getDatafromDB('screen', Array, Array)
#3 C:\xampp\htdocs\Esoft-Project\CodeIgniter4-Reusable\app\Controllers\Home.php(16): App\Controllers\MainController->storedText('home', 'en')
#4 C:\xampp\htdocs\Esoft-Project\CodeIgniter4-Reusable\system\CodeIgniter.php(832): App\Controllers\Home->index()
#5 C:\xampp\htdocs\Esoft-Project\CodeIgniter4-Reusable\system\CodeIgniter.php(419): CodeIgniter\CodeIgniter->runController(Object(App\Controllers\Home))
#6 C:\xampp\htdocs\Esoft-Project\CodeIgniter4-Reusable\system\CodeIgniter.php(326): CodeIgniter\CodeIgniter->handleRequest(NULL, Object(Config\Cache), false)
#7 C:\xampp\htdocs\Esoft-Project\CodeIgniter4-Reusable\public\index.php(37): CodeIgniter\CodeIgniter->run()
#8 C:\xampp\htdocs\Esoft-Project\CodeIgniter4-Reusable\system\Commands\Server\rewrite.php(43): require_once('C:\\xampp\\htdocs...')
#9 {main}
CRITICAL - 2024-08-06 05:29:39 --> Creation of dynamic property App\Controllers\Home::$table is deprecated
#0 C:\xampp\htdocs\Esoft-Project\CodeIgniter4-Reusable\app\Controllers\Traits\DB\AdminTraits.php(129): CodeIgniter\Debug\Exceptions->errorHandler(8192, 'Creation of dyn...', 'C:\\xampp\\htdocs...', 129)
#1 C:\xampp\htdocs\Esoft-Project\CodeIgniter4-Reusable\app\Controllers\BlueprintController.php(57): App\Controllers\BlueprintController->screenStructure()
#2 C:\xampp\htdocs\Esoft-Project\CodeIgniter4-Reusable\app\Controllers\MainController.php(9): App\Controllers\BlueprintController->getDatafromDB('screen', Array, Array)
#3 C:\xampp\htdocs\Esoft-Project\CodeIgniter4-Reusable\app\Controllers\Home.php(16): App\Controllers\MainController->storedText('home', 'en')
#4 C:\xampp\htdocs\Esoft-Project\CodeIgniter4-Reusable\system\CodeIgniter.php(832): App\Controllers\Home->index()
#5 C:\xampp\htdocs\Esoft-Project\CodeIgniter4-Reusable\system\CodeIgniter.php(419): CodeIgniter\CodeIgniter->runController(Object(App\Controllers\Home))
#6 C:\xampp\htdocs\Esoft-Project\CodeIgniter4-Reusable\system\CodeIgniter.php(326): CodeIgniter\CodeIgniter->handleRequest(NULL, Object(Config\Cache), false)
#7 C:\xampp\htdocs\Esoft-Project\CodeIgniter4-Reusable\public\index.php(37): CodeIgniter\CodeIgniter->run()
#8 C:\xampp\htdocs\Esoft-Project\CodeIgniter4-Reusable\system\Commands\Server\rewrite.php(43): require_once('C:\\xampp\\htdocs...')
#9 {main}
CRITICAL - 2024-08-06 05:29:44 --> Creation of dynamic property App\Controllers\Home::$table is deprecated
#0 C:\xampp\htdocs\Esoft-Project\CodeIgniter4-Reusable\app\Controllers\Traits\DB\AdminTraits.php(129): CodeIgniter\Debug\Exceptions->errorHandler(8192, 'Creation of dyn...', 'C:\\xampp\\htdocs...', 129)
#1 C:\xampp\htdocs\Esoft-Project\CodeIgniter4-Reusable\app\Controllers\BlueprintController.php(57): App\Controllers\BlueprintController->screenStructure()
#2 C:\xampp\htdocs\Esoft-Project\CodeIgniter4-Reusable\app\Controllers\MainController.php(9): App\Controllers\BlueprintController->getDatafromDB('screen', Array, Array)
#3 C:\xampp\htdocs\Esoft-Project\CodeIgniter4-Reusable\app\Controllers\Home.php(16): App\Controllers\MainController->storedText('home', 'en')
#4 C:\xampp\htdocs\Esoft-Project\CodeIgniter4-Reusable\system\CodeIgniter.php(832): App\Controllers\Home->index()
#5 C:\xampp\htdocs\Esoft-Project\CodeIgniter4-Reusable\system\CodeIgniter.php(419): CodeIgniter\CodeIgniter->runController(Object(App\Controllers\Home))
#6 C:\xampp\htdocs\Esoft-Project\CodeIgniter4-Reusable\system\CodeIgniter.php(326): CodeIgniter\CodeIgniter->handleRequest(NULL, Object(Config\Cache), false)
#7 C:\xampp\htdocs\Esoft-Project\CodeIgniter4-Reusable\public\index.php(37): CodeIgniter\CodeIgniter->run()
#8 C:\xampp\htdocs\Esoft-Project\CodeIgniter4-Reusable\system\Commands\Server\rewrite.php(43): require_once('C:\\xampp\\htdocs...')
#9 {main}
CRITICAL - 2024-08-06 05:37:15 --> Creation of dynamic property App\Controllers\Home::$table is deprecated
#0 C:\xampp\htdocs\Esoft-Project\CodeIgniter4-Reusable\app\Controllers\Traits\DB\AdminTraits.php(129): CodeIgniter\Debug\Exceptions->errorHandler(8192, 'Creation of dyn...', 'C:\\xampp\\htdocs...', 129)
#1 C:\xampp\htdocs\Esoft-Project\CodeIgniter4-Reusable\app\Controllers\BlueprintController.php(57): App\Controllers\BlueprintController->screenStructure()
#2 C:\xampp\htdocs\Esoft-Project\CodeIgniter4-Reusable\app\Controllers\MainController.php(9): App\Controllers\BlueprintController->getDatafromDB('screen', Array, Array)
#3 C:\xampp\htdocs\Esoft-Project\CodeIgniter4-Reusable\app\Controllers\Home.php(16): App\Controllers\MainController->storedText('home', 'en')
#4 C:\xampp\htdocs\Esoft-Project\CodeIgniter4-Reusable\system\CodeIgniter.php(832): App\Controllers\Home->index()
#5 C:\xampp\htdocs\Esoft-Project\CodeIgniter4-Reusable\system\CodeIgniter.php(419): CodeIgniter\CodeIgniter->runController(Object(App\Controllers\Home))
#6 C:\xampp\htdocs\Esoft-Project\CodeIgniter4-Reusable\system\CodeIgniter.php(326): CodeIgniter\CodeIgniter->handleRequest(NULL, Object(Config\Cache), false)
#7 C:\xampp\htdocs\Esoft-Project\CodeIgniter4-Reusable\public\index.php(37): CodeIgniter\CodeIgniter->run()
#8 C:\xampp\htdocs\Esoft-Project\CodeIgniter4-Reusable\system\Commands\Server\rewrite.php(43): require_once('C:\\xampp\\htdocs...')
#9 {main}
CRITICAL - 2024-08-06 05:39:00 --> Creation of dynamic property App\Controllers\Home::$table is deprecated
#0 C:\xampp\htdocs\Esoft-Project\CodeIgniter4-Reusable\app\Controllers\Traits\DB\AdminTraits.php(129): CodeIgniter\Debug\Exceptions->errorHandler(8192, 'Creation of dyn...', 'C:\\xampp\\htdocs...', 129)
#1 C:\xampp\htdocs\Esoft-Project\CodeIgniter4-Reusable\app\Controllers\BlueprintController.php(57): App\Controllers\BlueprintController->screenStructure()
#2 C:\xampp\htdocs\Esoft-Project\CodeIgniter4-Reusable\app\Controllers\MainController.php(9): App\Controllers\BlueprintController->getDatafromDB('screen', Array, Array)
#3 C:\xampp\htdocs\Esoft-Project\CodeIgniter4-Reusable\app\Controllers\Home.php(16): App\Controllers\MainController->storedText('home', 'en')
#4 C:\xampp\htdocs\Esoft-Project\CodeIgniter4-Reusable\system\CodeIgniter.php(832): App\Controllers\Home->index()
#5 C:\xampp\htdocs\Esoft-Project\CodeIgniter4-Reusable\system\CodeIgniter.php(419): CodeIgniter\CodeIgniter->runController(Object(App\Controllers\Home))
#6 C:\xampp\htdocs\Esoft-Project\CodeIgniter4-Reusable\system\CodeIgniter.php(326): CodeIgniter\CodeIgniter->handleRequest(NULL, Object(Config\Cache), false)
#7 C:\xampp\htdocs\Esoft-Project\CodeIgniter4-Reusable\public\index.php(37): CodeIgniter\CodeIgniter->run()
#8 C:\xampp\htdocs\Esoft-Project\CodeIgniter4-Reusable\system\Commands\Server\rewrite.php(43): require_once('C:\\xampp\\htdocs...')
#9 {main}
CRITICAL - 2024-08-06 05:39:02 --> Creation of dynamic property App\Controllers\Home::$table is deprecated
#0 C:\xampp\htdocs\Esoft-Project\CodeIgniter4-Reusable\app\Controllers\Traits\DB\AdminTraits.php(129): CodeIgniter\Debug\Exceptions->errorHandler(8192, 'Creation of dyn...', 'C:\\xampp\\htdocs...', 129)
#1 C:\xampp\htdocs\Esoft-Project\CodeIgniter4-Reusable\app\Controllers\BlueprintController.php(57): App\Controllers\BlueprintController->screenStructure()
#2 C:\xampp\htdocs\Esoft-Project\CodeIgniter4-Reusable\app\Controllers\MainController.php(9): App\Controllers\BlueprintController->getDatafromDB('screen', Array, Array)
#3 C:\xampp\htdocs\Esoft-Project\CodeIgniter4-Reusable\app\Controllers\Home.php(16): App\Controllers\MainController->storedText('home', 'en')
#4 C:\xampp\htdocs\Esoft-Project\CodeIgniter4-Reusable\system\CodeIgniter.php(832): App\Controllers\Home->index()
#5 C:\xampp\htdocs\Esoft-Project\CodeIgniter4-Reusable\system\CodeIgniter.php(419): CodeIgniter\CodeIgniter->runController(Object(App\Controllers\Home))
#6 C:\xampp\htdocs\Esoft-Project\CodeIgniter4-Reusable\system\CodeIgniter.php(326): CodeIgniter\CodeIgniter->handleRequest(NULL, Object(Config\Cache), false)
#7 C:\xampp\htdocs\Esoft-Project\CodeIgniter4-Reusable\public\index.php(37): CodeIgniter\CodeIgniter->run()
#8 C:\xampp\htdocs\Esoft-Project\CodeIgniter4-Reusable\system\Commands\Server\rewrite.php(43): require_once('C:\\xampp\\htdocs...')
#9 {main}
CRITICAL - 2024-08-06 05:41:24 --> Creation of dynamic property App\Controllers\Home::$table is deprecated
#0 C:\xampp\htdocs\Esoft-Project\CodeIgniter4-Reusable\app\Controllers\Traits\DB\AdminTraits.php(129): CodeIgniter\Debug\Exceptions->errorHandler(8192, 'Creation of dyn...', 'C:\\xampp\\htdocs...', 129)
#1 C:\xampp\htdocs\Esoft-Project\CodeIgniter4-Reusable\app\Controllers\BlueprintController.php(57): App\Controllers\BlueprintController->screenStructure()
#2 C:\xampp\htdocs\Esoft-Project\CodeIgniter4-Reusable\app\Controllers\MainController.php(9): App\Controllers\BlueprintController->getDatafromDB('screen', Array, Array)
#3 C:\xampp\htdocs\Esoft-Project\CodeIgniter4-Reusable\app\Controllers\Home.php(16): App\Controllers\MainController->storedText('home', 'en')
#4 C:\xampp\htdocs\Esoft-Project\CodeIgniter4-Reusable\system\CodeIgniter.php(832): App\Controllers\Home->index()
#5 C:\xampp\htdocs\Esoft-Project\CodeIgniter4-Reusable\system\CodeIgniter.php(419): CodeIgniter\CodeIgniter->runController(Object(App\Controllers\Home))
#6 C:\xampp\htdocs\Esoft-Project\CodeIgniter4-Reusable\system\CodeIgniter.php(326): CodeIgniter\CodeIgniter->handleRequest(NULL, Object(Config\Cache), false)
#7 C:\xampp\htdocs\Esoft-Project\CodeIgniter4-Reusable\public\index.php(37): CodeIgniter\CodeIgniter->run()
#8 C:\xampp\htdocs\Esoft-Project\CodeIgniter4-Reusable\system\Commands\Server\rewrite.php(43): require_once('C:\\xampp\\htdocs...')
#9 {main}
CRITICAL - 2024-08-06 05:43:23 --> Creation of dynamic property App\Controllers\Home::$table is deprecated
#0 C:\xampp\htdocs\Esoft-Project\CodeIgniter4-Reusable\app\Controllers\Traits\DB\AdminTraits.php(129): CodeIgniter\Debug\Exceptions->errorHandler(8192, 'Creation of dyn...', 'C:\\xampp\\htdocs...', 129)
#1 C:\xampp\htdocs\Esoft-Project\CodeIgniter4-Reusable\app\Controllers\BlueprintController.php(57): App\Controllers\BlueprintController->screenStructure()
#2 C:\xampp\htdocs\Esoft-Project\CodeIgniter4-Reusable\app\Controllers\MainController.php(9): App\Controllers\BlueprintController->getDatafromDB('screen', Array, Array)
#3 C:\xampp\htdocs\Esoft-Project\CodeIgniter4-Reusable\app\Controllers\Home.php(16): App\Controllers\MainController->storedText('home', 'en')
#4 C:\xampp\htdocs\Esoft-Project\CodeIgniter4-Reusable\system\CodeIgniter.php(832): App\Controllers\Home->index()
#5 C:\xampp\htdocs\Esoft-Project\CodeIgniter4-Reusable\system\CodeIgniter.php(419): CodeIgniter\CodeIgniter->runController(Object(App\Controllers\Home))
#6 C:\xampp\htdocs\Esoft-Project\CodeIgniter4-Reusable\system\CodeIgniter.php(326): CodeIgniter\CodeIgniter->handleRequest(NULL, Object(Config\Cache), false)
#7 C:\xampp\htdocs\Esoft-Project\CodeIgniter4-Reusable\public\index.php(37): CodeIgniter\CodeIgniter->run()
#8 C:\xampp\htdocs\Esoft-Project\CodeIgniter4-Reusable\system\Commands\Server\rewrite.php(43): require_once('C:\\xampp\\htdocs...')
#9 {main}
CRITICAL - 2024-08-06 05:43:55 --> Creation of dynamic property App\Controllers\Home::$table is deprecated
#0 C:\xampp\htdocs\Esoft-Project\CodeIgniter4-Reusable\app\Controllers\Traits\DB\AdminTraits.php(129): CodeIgniter\Debug\Exceptions->errorHandler(8192, 'Creation of dyn...', 'C:\\xampp\\htdocs...', 129)
#1 C:\xampp\htdocs\Esoft-Project\CodeIgniter4-Reusable\app\Controllers\BlueprintController.php(57): App\Controllers\BlueprintController->screenStructure()
#2 C:\xampp\htdocs\Esoft-Project\CodeIgniter4-Reusable\app\Controllers\MainController.php(9): App\Controllers\BlueprintController->getDatafromDB('screen', Array, Array)
#3 C:\xampp\htdocs\Esoft-Project\CodeIgniter4-Reusable\app\Controllers\Home.php(16): App\Controllers\MainController->storedText('home', 'en')
#4 C:\xampp\htdocs\Esoft-Project\CodeIgniter4-Reusable\system\CodeIgniter.php(832): App\Controllers\Home->index()
#5 C:\xampp\htdocs\Esoft-Project\CodeIgniter4-Reusable\system\CodeIgniter.php(419): CodeIgniter\CodeIgniter->runController(Object(App\Controllers\Home))
#6 C:\xampp\htdocs\Esoft-Project\CodeIgniter4-Reusable\system\CodeIgniter.php(326): CodeIgniter\CodeIgniter->handleRequest(NULL, Object(Config\Cache), false)
#7 C:\xampp\htdocs\Esoft-Project\CodeIgniter4-Reusable\public\index.php(37): CodeIgniter\CodeIgniter->run()
#8 C:\xampp\htdocs\Esoft-Project\CodeIgniter4-Reusable\system\Commands\Server\rewrite.php(43): require_once('C:\\xampp\\htdocs...')
#9 {main}
CRITICAL - 2024-08-06 05:44:27 --> Creation of dynamic property App\Controllers\Home::$table is deprecated
#0 C:\xampp\htdocs\Esoft-Project\CodeIgniter4-Reusable\app\Controllers\Traits\DB\AdminTraits.php(129): CodeIgniter\Debug\Exceptions->errorHandler(8192, 'Creation of dyn...', 'C:\\xampp\\htdocs...', 129)
#1 C:\xampp\htdocs\Esoft-Project\CodeIgniter4-Reusable\app\Controllers\BlueprintController.php(57): App\Controllers\BlueprintController->screenStructure()
#2 C:\xampp\htdocs\Esoft-Project\CodeIgniter4-Reusable\app\Controllers\MainController.php(9): App\Controllers\BlueprintController->getDatafromDB('screen', Array, Array)
#3 C:\xampp\htdocs\Esoft-Project\CodeIgniter4-Reusable\app\Controllers\Home.php(16): App\Controllers\MainController->storedText('home', 'en')
#4 C:\xampp\htdocs\Esoft-Project\CodeIgniter4-Reusable\system\CodeIgniter.php(832): App\Controllers\Home->index()
#5 C:\xampp\htdocs\Esoft-Project\CodeIgniter4-Reusable\system\CodeIgniter.php(419): CodeIgniter\CodeIgniter->runController(Object(App\Controllers\Home))
#6 C:\xampp\htdocs\Esoft-Project\CodeIgniter4-Reusable\system\CodeIgniter.php(326): CodeIgniter\CodeIgniter->handleRequest(NULL, Object(Config\Cache), false)
#7 C:\xampp\htdocs\Esoft-Project\CodeIgniter4-Reusable\public\index.php(37): CodeIgniter\CodeIgniter->run()
#8 C:\xampp\htdocs\Esoft-Project\CodeIgniter4-Reusable\system\Commands\Server\rewrite.php(43): require_once('C:\\xampp\\htdocs...')
#9 {main}
CRITICAL - 2024-08-06 05:44:38 --> Creation of dynamic property App\Controllers\Home::$table is deprecated
#0 C:\xampp\htdocs\Esoft-Project\CodeIgniter4-Reusable\app\Controllers\Traits\DB\AdminTraits.php(129): CodeIgniter\Debug\Exceptions->errorHandler(8192, 'Creation of dyn...', 'C:\\xampp\\htdocs...', 129)
#1 C:\xampp\htdocs\Esoft-Project\CodeIgniter4-Reusable\app\Controllers\BlueprintController.php(57): App\Controllers\BlueprintController->screenStructure()
#2 C:\xampp\htdocs\Esoft-Project\CodeIgniter4-Reusable\app\Controllers\MainController.php(9): App\Controllers\BlueprintController->getDatafromDB('screen', Array, Array)
#3 C:\xampp\htdocs\Esoft-Project\CodeIgniter4-Reusable\app\Controllers\Home.php(16): App\Controllers\MainController->storedText('home', 'en')
#4 C:\xampp\htdocs\Esoft-Project\CodeIgniter4-Reusable\system\CodeIgniter.php(832): App\Controllers\Home->index()
#5 C:\xampp\htdocs\Esoft-Project\CodeIgniter4-Reusable\system\CodeIgniter.php(419): CodeIgniter\CodeIgniter->runController(Object(App\Controllers\Home))
#6 C:\xampp\htdocs\Esoft-Project\CodeIgniter4-Reusable\system\CodeIgniter.php(326): CodeIgniter\CodeIgniter->handleRequest(NULL, Object(Config\Cache), false)
#7 C:\xampp\htdocs\Esoft-Project\CodeIgniter4-Reusable\public\index.php(37): CodeIgniter\CodeIgniter->run()
#8 C:\xampp\htdocs\Esoft-Project\CodeIgniter4-Reusable\system\Commands\Server\rewrite.php(43): require_once('C:\\xampp\\htdocs...')
#9 {main}
CRITICAL - 2024-08-06 05:45:50 --> Creation of dynamic property App\Controllers\Home::$table is deprecated
#0 C:\xampp\htdocs\Esoft-Project\CodeIgniter4-Reusable\app\Controllers\Traits\DB\AdminTraits.php(129): CodeIgniter\Debug\Exceptions->errorHandler(8192, 'Creation of dyn...', 'C:\\xampp\\htdocs...', 129)
#1 C:\xampp\htdocs\Esoft-Project\CodeIgniter4-Reusable\app\Controllers\BlueprintController.php(57): App\Controllers\BlueprintController->screenStructure()
#2 C:\xampp\htdocs\Esoft-Project\CodeIgniter4-Reusable\app\Controllers\MainController.php(9): App\Controllers\BlueprintController->getDatafromDB('screen', Array, Array)
#3 C:\xampp\htdocs\Esoft-Project\CodeIgniter4-Reusable\app\Controllers\Home.php(16): App\Controllers\MainController->storedText('home', 'en')
#4 C:\xampp\htdocs\Esoft-Project\CodeIgniter4-Reusable\system\CodeIgniter.php(832): App\Controllers\Home->index()
#5 C:\xampp\htdocs\Esoft-Project\CodeIgniter4-Reusable\system\CodeIgniter.php(419): CodeIgniter\CodeIgniter->runController(Object(App\Controllers\Home))
#6 C:\xampp\htdocs\Esoft-Project\CodeIgniter4-Reusable\system\CodeIgniter.php(326): CodeIgniter\CodeIgniter->handleRequest(NULL, Object(Config\Cache), false)
#7 C:\xampp\htdocs\Esoft-Project\CodeIgniter4-Reusable\public\index.php(37): CodeIgniter\CodeIgniter->run()
#8 C:\xampp\htdocs\Esoft-Project\CodeIgniter4-Reusable\system\Commands\Server\rewrite.php(43): require_once('C:\\xampp\\htdocs...')
#9 {main}
CRITICAL - 2024-08-06 10:06:55 --> Creation of dynamic property App\Controllers\Home::$table is deprecated
#0 C:\xampp\htdocs\Esoft-Project\CodeIgniter4-Reusable\app\Controllers\Traits\DB\AdminTraits.php(129): CodeIgniter\Debug\Exceptions->errorHandler(8192, 'Creation of dyn...', 'C:\\xampp\\htdocs...', 129)
#1 C:\xampp\htdocs\Esoft-Project\CodeIgniter4-Reusable\app\Controllers\BlueprintController.php(57): App\Controllers\BlueprintController->screenStructure()
#2 C:\xampp\htdocs\Esoft-Project\CodeIgniter4-Reusable\app\Controllers\MainController.php(9): App\Controllers\BlueprintController->getDatafromDB('screen', Array, Array)
#3 C:\xampp\htdocs\Esoft-Project\CodeIgniter4-Reusable\app\Controllers\Home.php(16): App\Controllers\MainController->storedText('home', 'en')
#4 C:\xampp\htdocs\Esoft-Project\CodeIgniter4-Reusable\system\CodeIgniter.php(832): App\Controllers\Home->index()
#5 C:\xampp\htdocs\Esoft-Project\CodeIgniter4-Reusable\system\CodeIgniter.php(419): CodeIgniter\CodeIgniter->runController(Object(App\Controllers\Home))
#6 C:\xampp\htdocs\Esoft-Project\CodeIgniter4-Reusable\system\CodeIgniter.php(326): CodeIgniter\CodeIgniter->handleRequest(NULL, Object(Config\Cache), false)
#7 C:\xampp\htdocs\Esoft-Project\CodeIgniter4-Reusable\public\index.php(37): CodeIgniter\CodeIgniter->run()
#8 C:\xampp\htdocs\Esoft-Project\CodeIgniter4-Reusable\system\Commands\Server\rewrite.php(43): require_once('C:\\xampp\\htdocs...')
#9 {main}
CRITICAL - 2024-08-06 12:31:14 --> Undefined variable $StoredText
#0 C:\xampp\htdocs\Esoft-Project\LiquidityBuddy\app\Views\Home\index.php(11): CodeIgniter\Debug\Exceptions->errorHandler(2, 'Undefined varia...', 'C:\\xampp\\htdocs...', 11)
#1 C:\xampp\htdocs\Esoft-Project\LiquidityBuddy\system\View\View.php(210): include('C:\\xampp\\htdocs...')
#2 C:\xampp\htdocs\Esoft-Project\LiquidityBuddy\system\View\View.php(213): CodeIgniter\View\View->CodeIgniter\View\{closure}()
#3 C:\xampp\htdocs\Esoft-Project\LiquidityBuddy\system\Common.php(1089): CodeIgniter\View\View->render('Home/index', Array, true)
#4 C:\xampp\htdocs\Esoft-Project\LiquidityBuddy\app\Controllers\Home.php(10): view('Home/index')
#5 C:\xampp\htdocs\Esoft-Project\LiquidityBuddy\system\CodeIgniter.php(832): App\Controllers\Home->index()
#6 C:\xampp\htdocs\Esoft-Project\LiquidityBuddy\system\CodeIgniter.php(419): CodeIgniter\CodeIgniter->runController(Object(App\Controllers\Home))
#7 C:\xampp\htdocs\Esoft-Project\LiquidityBuddy\system\CodeIgniter.php(326): CodeIgniter\CodeIgniter->handleRequest(NULL, Object(Config\Cache), false)
#8 C:\xampp\htdocs\Esoft-Project\LiquidityBuddy\public\index.php(37): CodeIgniter\CodeIgniter->run()
#9 C:\xampp\htdocs\Esoft-Project\LiquidityBuddy\system\Commands\Server\rewrite.php(43): require_once('C:\\xampp\\htdocs...')
#10 {main}
CRITICAL - 2024-08-06 12:35:58 --> Undefined variable $StoredText
#0 C:\xampp\htdocs\Esoft-Project\LiquidityBuddy\app\Views\Home\index.php(11): CodeIgniter\Debug\Exceptions->errorHandler(2, 'Undefined varia...', 'C:\\xampp\\htdocs...', 11)
#1 C:\xampp\htdocs\Esoft-Project\LiquidityBuddy\system\View\View.php(210): include('C:\\xampp\\htdocs...')
#2 C:\xampp\htdocs\Esoft-Project\LiquidityBuddy\system\View\View.php(213): CodeIgniter\View\View->CodeIgniter\View\{closure}()
#3 C:\xampp\htdocs\Esoft-Project\LiquidityBuddy\system\Common.php(1089): CodeIgniter\View\View->render('Home/index', Array, true)
#4 C:\xampp\htdocs\Esoft-Project\LiquidityBuddy\app\Controllers\Home.php(10): view('Home/index')
#5 C:\xampp\htdocs\Esoft-Project\LiquidityBuddy\system\CodeIgniter.php(832): App\Controllers\Home->index()
#6 C:\xampp\htdocs\Esoft-Project\LiquidityBuddy\system\CodeIgniter.php(419): CodeIgniter\CodeIgniter->runController(Object(App\Controllers\Home))
#7 C:\xampp\htdocs\Esoft-Project\LiquidityBuddy\system\CodeIgniter.php(326): CodeIgniter\CodeIgniter->handleRequest(NULL, Object(Config\Cache), false)
#8 C:\xampp\htdocs\Esoft-Project\LiquidityBuddy\public\index.php(37): CodeIgniter\CodeIgniter->run()
#9 C:\xampp\htdocs\Esoft-Project\LiquidityBuddy\system\Commands\Server\rewrite.php(43): require_once('C:\\xampp\\htdocs...')
#10 {main}
CRITICAL - 2024-08-06 12:36:07 --> Undefined variable $StoredText
#0 C:\xampp\htdocs\Esoft-Project\LiquidityBuddy\app\Views\Home\index.php(11): CodeIgniter\Debug\Exceptions->errorHandler(2, 'Undefined varia...', 'C:\\xampp\\htdocs...', 11)
#1 C:\xampp\htdocs\Esoft-Project\LiquidityBuddy\system\View\View.php(210): include('C:\\xampp\\htdocs...')
#2 C:\xampp\htdocs\Esoft-Project\LiquidityBuddy\system\View\View.php(213): CodeIgniter\View\View->CodeIgniter\View\{closure}()
#3 C:\xampp\htdocs\Esoft-Project\LiquidityBuddy\system\Common.php(1089): CodeIgniter\View\View->render('Home/index', Array, true)
#4 C:\xampp\htdocs\Esoft-Project\LiquidityBuddy\app\Controllers\Home.php(10): view('Home/index')
#5 C:\xampp\htdocs\Esoft-Project\LiquidityBuddy\system\CodeIgniter.php(832): App\Controllers\Home->index()
#6 C:\xampp\htdocs\Esoft-Project\LiquidityBuddy\system\CodeIgniter.php(419): CodeIgniter\CodeIgniter->runController(Object(App\Controllers\Home))
#7 C:\xampp\htdocs\Esoft-Project\LiquidityBuddy\system\CodeIgniter.php(326): CodeIgniter\CodeIgniter->handleRequest(NULL, Object(Config\Cache), false)
#8 C:\xampp\htdocs\Esoft-Project\LiquidityBuddy\public\index.php(37): CodeIgniter\CodeIgniter->run()
#9 C:\xampp\htdocs\Esoft-Project\LiquidityBuddy\system\Commands\Server\rewrite.php(43): require_once('C:\\xampp\\htdocs...')
#10 {main}
CRITICAL - 2024-08-06 12:36:08 --> Undefined variable $StoredText
#0 C:\xampp\htdocs\Esoft-Project\LiquidityBuddy\app\Views\Home\index.php(11): CodeIgniter\Debug\Exceptions->errorHandler(2, 'Undefined varia...', 'C:\\xampp\\htdocs...', 11)
#1 C:\xampp\htdocs\Esoft-Project\LiquidityBuddy\system\View\View.php(210): include('C:\\xampp\\htdocs...')
#2 C:\xampp\htdocs\Esoft-Project\LiquidityBuddy\system\View\View.php(213): CodeIgniter\View\View->CodeIgniter\View\{closure}()
#3 C:\xampp\htdocs\Esoft-Project\LiquidityBuddy\system\Common.php(1089): CodeIgniter\View\View->render('Home/index', Array, true)
#4 C:\xampp\htdocs\Esoft-Project\LiquidityBuddy\app\Controllers\Home.php(10): view('Home/index')
#5 C:\xampp\htdocs\Esoft-Project\LiquidityBuddy\system\CodeIgniter.php(832): App\Controllers\Home->index()
#6 C:\xampp\htdocs\Esoft-Project\LiquidityBuddy\system\CodeIgniter.php(419): CodeIgniter\CodeIgniter->runController(Object(App\Controllers\Home))
#7 C:\xampp\htdocs\Esoft-Project\LiquidityBuddy\system\CodeIgniter.php(326): CodeIgniter\CodeIgniter->handleRequest(NULL, Object(Config\Cache), false)
#8 C:\xampp\htdocs\Esoft-Project\LiquidityBuddy\public\index.php(37): CodeIgniter\CodeIgniter->run()
#9 C:\xampp\htdocs\Esoft-Project\LiquidityBuddy\system\Commands\Server\rewrite.php(43): require_once('C:\\xampp\\htdocs...')
#10 {main}
